 
****************************************
Report : area
Design : processing_unit
Version: O-2018.06
Date   : Thu Dec  5 22:23:38 2019
****************************************

Library(s) Used:

    gtech (File: /usr/caen/synopsys-synth-2018.06/libraries/syn/gtech.db)

Number of ports:                        15925
Number of nets:                         64792
Number of cells:                        24060
Number of combinational cells:          17577
Number of sequential cells:              5768
Number of macros/black boxes:               0
Number of buf/inv:                       6497
Number of references:                      71

Combinational area:                  0.000000
Buf/Inv area:                        0.000000
Noncombinational area:               0.000000
Macro/Black Box area:                0.000000
Net Interconnect area:      undefined  (No wire load specified)

Total cell area:                     0.000000
Total area:                 undefined

Information: This design contains unmapped logic. (RPT-7)

Hierarchical area distribution
------------------------------

                                  Global cell area          Local cell area
                                  ------------------  --------------------------- 
Hierarchical cell                 Absolute   Percent  Combi-    Noncombi-  Black-
                                  Total      Total    national  national   boxes   Design
--------------------------------  ---------  -------  --------  ---------  ------  ---------------------------
processing_unit                      0.0000      0.0    0.0000     0.0000  0.0000  processing_unit
PE_channel[0].PE_row[0].PE_column[0].PEs    0.0000     0.0   0.0000    0.0000 0.0000 processing_element_47
PE_channel[0].PE_row[0].PE_column[0].PEs/accumulator_inst    0.0000     0.0   0.0000    0.0000 0.0000 accumulator_47
PE_channel[0].PE_row[0].PE_column[0].PEs/accumulator_inst/add_22    0.0000     0.0   0.0000    0.0000 0.0000 *ADD_UNS_OP_8_8_8
PE_channel[0].PE_row[0].PE_column[0].PEs/accumulator_inst/add_22/*cell*1271    0.0000     0.0   0.0000    0.0000 0.0000 DW01_add_width8
PE_channel[0].PE_row[0].PE_column[0].PEs/mult_inst    0.0000     0.0   0.0000    0.0000 0.0000 multiplier_47
PE_channel[0].PE_row[0].PE_column[0].PEs/mult_inst/mult_16    0.0000     0.0   0.0000    0.0000 0.0000 *MULT_UNS_OP_4_4_8
PE_channel[0].PE_row[0].PE_column[0].PEs/mult_inst/mult_16/*cell*1258    0.0000     0.0   0.0000    0.0000 0.0000 DW02_mult_A_width4_B_width4
PE_channel[0].PE_row[0].PE_column[0].PEs/shift_inst    0.0000     0.0   0.0000    0.0000 0.0000 shifter_47
PE_channel[0].PE_row[0].PE_column[0].PEs/shift_inst/sll_16    0.0000     0.0   0.0000    0.0000 0.0000 *ASH_UNS_UNS_OP_8_4_8
PE_channel[0].PE_row[0].PE_column[0].PEs/shift_inst/sll_16/*cell*1265    0.0000     0.0   0.0000    0.0000 0.0000 DW01_ash_A_width8_SH_width4
PE_channel[0].PE_row[0].PE_column[1].PEs    0.0000     0.0   0.0000    0.0000 0.0000 processing_element_46
PE_channel[0].PE_row[0].PE_column[1].PEs/accumulator_inst    0.0000     0.0   0.0000    0.0000 0.0000 accumulator_46
PE_channel[0].PE_row[0].PE_column[1].PEs/accumulator_inst/add_22    0.0000     0.0   0.0000    0.0000 0.0000 *ADD_UNS_OP_8_8_8
PE_channel[0].PE_row[0].PE_column[1].PEs/accumulator_inst/add_22/*cell*1459    0.0000     0.0   0.0000    0.0000 0.0000 DW01_add_width8
PE_channel[0].PE_row[0].PE_column[1].PEs/mult_inst    0.0000     0.0   0.0000    0.0000 0.0000 multiplier_46
PE_channel[0].PE_row[0].PE_column[1].PEs/mult_inst/mult_16    0.0000     0.0   0.0000    0.0000 0.0000 *MULT_UNS_OP_4_4_8
PE_channel[0].PE_row[0].PE_column[1].PEs/mult_inst/mult_16/*cell*2136    0.0000     0.0   0.0000    0.0000 0.0000 DW02_mult_A_width4_B_width4
PE_channel[0].PE_row[0].PE_column[1].PEs/shift_inst    0.0000     0.0   0.0000    0.0000 0.0000 shifter_46
PE_channel[0].PE_row[0].PE_column[1].PEs/shift_inst/sll_16    0.0000     0.0   0.0000    0.0000 0.0000 *ASH_UNS_UNS_OP_8_4_8
PE_channel[0].PE_row[0].PE_column[1].PEs/shift_inst/sll_16/*cell*1853    0.0000     0.0   0.0000    0.0000 0.0000 DW01_ash_A_width8_SH_width4
PE_channel[0].PE_row[0].PE_column[2].PEs    0.0000     0.0   0.0000    0.0000 0.0000 processing_element_45
PE_channel[0].PE_row[0].PE_column[2].PEs/accumulator_inst    0.0000     0.0   0.0000    0.0000 0.0000 accumulator_45
PE_channel[0].PE_row[0].PE_column[2].PEs/accumulator_inst/add_22    0.0000     0.0   0.0000    0.0000 0.0000 *ADD_UNS_OP_8_8_8
PE_channel[0].PE_row[0].PE_column[2].PEs/accumulator_inst/add_22/*cell*1455    0.0000     0.0   0.0000    0.0000 0.0000 DW01_add_width8
PE_channel[0].PE_row[0].PE_column[2].PEs/mult_inst    0.0000     0.0   0.0000    0.0000 0.0000 multiplier_45
PE_channel[0].PE_row[0].PE_column[2].PEs/mult_inst/mult_16    0.0000     0.0   0.0000    0.0000 0.0000 *MULT_UNS_OP_4_4_8
PE_channel[0].PE_row[0].PE_column[2].PEs/mult_inst/mult_16/*cell*2130    0.0000     0.0   0.0000    0.0000 0.0000 DW02_mult_A_width4_B_width4
PE_channel[0].PE_row[0].PE_column[2].PEs/shift_inst    0.0000     0.0   0.0000    0.0000 0.0000 shifter_45
PE_channel[0].PE_row[0].PE_column[2].PEs/shift_inst/sll_16    0.0000     0.0   0.0000    0.0000 0.0000 *ASH_UNS_UNS_OP_8_4_8
PE_channel[0].PE_row[0].PE_column[2].PEs/shift_inst/sll_16/*cell*1845    0.0000     0.0   0.0000    0.0000 0.0000 DW01_ash_A_width8_SH_width4
PE_channel[0].PE_row[0].PE_column[3].PEs    0.0000     0.0   0.0000    0.0000 0.0000 processing_element_44
PE_channel[0].PE_row[0].PE_column[3].PEs/accumulator_inst    0.0000     0.0   0.0000    0.0000 0.0000 accumulator_44
PE_channel[0].PE_row[0].PE_column[3].PEs/accumulator_inst/add_22    0.0000     0.0   0.0000    0.0000 0.0000 *ADD_UNS_OP_8_8_8
PE_channel[0].PE_row[0].PE_column[3].PEs/accumulator_inst/add_22/*cell*1451    0.0000     0.0   0.0000    0.0000 0.0000 DW01_add_width8
PE_channel[0].PE_row[0].PE_column[3].PEs/mult_inst    0.0000     0.0   0.0000    0.0000 0.0000 multiplier_44
PE_channel[0].PE_row[0].PE_column[3].PEs/mult_inst/mult_16    0.0000     0.0   0.0000    0.0000 0.0000 *MULT_UNS_OP_4_4_8
PE_channel[0].PE_row[0].PE_column[3].PEs/mult_inst/mult_16/*cell*2124    0.0000     0.0   0.0000    0.0000 0.0000 DW02_mult_A_width4_B_width4
PE_channel[0].PE_row[0].PE_column[3].PEs/shift_inst    0.0000     0.0   0.0000    0.0000 0.0000 shifter_44
PE_channel[0].PE_row[0].PE_column[3].PEs/shift_inst/sll_16    0.0000     0.0   0.0000    0.0000 0.0000 *ASH_UNS_UNS_OP_8_4_8
PE_channel[0].PE_row[0].PE_column[3].PEs/shift_inst/sll_16/*cell*1837    0.0000     0.0   0.0000    0.0000 0.0000 DW01_ash_A_width8_SH_width4
PE_channel[0].PE_row[1].PE_column[0].PEs    0.0000     0.0   0.0000    0.0000 0.0000 processing_element_43
PE_channel[0].PE_row[1].PE_column[0].PEs/accumulator_inst    0.0000     0.0   0.0000    0.0000 0.0000 accumulator_43
PE_channel[0].PE_row[1].PE_column[0].PEs/accumulator_inst/add_22    0.0000     0.0   0.0000    0.0000 0.0000 *ADD_UNS_OP_8_8_8
PE_channel[0].PE_row[1].PE_column[0].PEs/accumulator_inst/add_22/*cell*1447    0.0000     0.0   0.0000    0.0000 0.0000 DW01_add_width8
PE_channel[0].PE_row[1].PE_column[0].PEs/mult_inst    0.0000     0.0   0.0000    0.0000 0.0000 multiplier_43
PE_channel[0].PE_row[1].PE_column[0].PEs/mult_inst/mult_16    0.0000     0.0   0.0000    0.0000 0.0000 *MULT_UNS_OP_4_4_8
PE_channel[0].PE_row[1].PE_column[0].PEs/mult_inst/mult_16/*cell*2118    0.0000     0.0   0.0000    0.0000 0.0000 DW02_mult_A_width4_B_width4
PE_channel[0].PE_row[1].PE_column[0].PEs/shift_inst    0.0000     0.0   0.0000    0.0000 0.0000 shifter_43
PE_channel[0].PE_row[1].PE_column[0].PEs/shift_inst/sll_16    0.0000     0.0   0.0000    0.0000 0.0000 *ASH_UNS_UNS_OP_8_4_8
PE_channel[0].PE_row[1].PE_column[0].PEs/shift_inst/sll_16/*cell*1829    0.0000     0.0   0.0000    0.0000 0.0000 DW01_ash_A_width8_SH_width4
PE_channel[0].PE_row[1].PE_column[1].PEs    0.0000     0.0   0.0000    0.0000 0.0000 processing_element_42
PE_channel[0].PE_row[1].PE_column[1].PEs/accumulator_inst    0.0000     0.0   0.0000    0.0000 0.0000 accumulator_42
PE_channel[0].PE_row[1].PE_column[1].PEs/accumulator_inst/add_22    0.0000     0.0   0.0000    0.0000 0.0000 *ADD_UNS_OP_8_8_8
PE_channel[0].PE_row[1].PE_column[1].PEs/accumulator_inst/add_22/*cell*1443    0.0000     0.0   0.0000    0.0000 0.0000 DW01_add_width8
PE_channel[0].PE_row[1].PE_column[1].PEs/mult_inst    0.0000     0.0   0.0000    0.0000 0.0000 multiplier_42
PE_channel[0].PE_row[1].PE_column[1].PEs/mult_inst/mult_16    0.0000     0.0   0.0000    0.0000 0.0000 *MULT_UNS_OP_4_4_8
PE_channel[0].PE_row[1].PE_column[1].PEs/mult_inst/mult_16/*cell*2112    0.0000     0.0   0.0000    0.0000 0.0000 DW02_mult_A_width4_B_width4
PE_channel[0].PE_row[1].PE_column[1].PEs/shift_inst    0.0000     0.0   0.0000    0.0000 0.0000 shifter_42
PE_channel[0].PE_row[1].PE_column[1].PEs/shift_inst/sll_16    0.0000     0.0   0.0000    0.0000 0.0000 *ASH_UNS_UNS_OP_8_4_8
PE_channel[0].PE_row[1].PE_column[1].PEs/shift_inst/sll_16/*cell*1821    0.0000     0.0   0.0000    0.0000 0.0000 DW01_ash_A_width8_SH_width4
PE_channel[0].PE_row[1].PE_column[2].PEs    0.0000     0.0   0.0000    0.0000 0.0000 processing_element_41
PE_channel[0].PE_row[1].PE_column[2].PEs/accumulator_inst    0.0000     0.0   0.0000    0.0000 0.0000 accumulator_41
PE_channel[0].PE_row[1].PE_column[2].PEs/accumulator_inst/add_22    0.0000     0.0   0.0000    0.0000 0.0000 *ADD_UNS_OP_8_8_8
PE_channel[0].PE_row[1].PE_column[2].PEs/accumulator_inst/add_22/*cell*1439    0.0000     0.0   0.0000    0.0000 0.0000 DW01_add_width8
PE_channel[0].PE_row[1].PE_column[2].PEs/mult_inst    0.0000     0.0   0.0000    0.0000 0.0000 multiplier_41
PE_channel[0].PE_row[1].PE_column[2].PEs/mult_inst/mult_16    0.0000     0.0   0.0000    0.0000 0.0000 *MULT_UNS_OP_4_4_8
PE_channel[0].PE_row[1].PE_column[2].PEs/mult_inst/mult_16/*cell*2106    0.0000     0.0   0.0000    0.0000 0.0000 DW02_mult_A_width4_B_width4
PE_channel[0].PE_row[1].PE_column[2].PEs/shift_inst    0.0000     0.0   0.0000    0.0000 0.0000 shifter_41
PE_channel[0].PE_row[1].PE_column[2].PEs/shift_inst/sll_16    0.0000     0.0   0.0000    0.0000 0.0000 *ASH_UNS_UNS_OP_8_4_8
PE_channel[0].PE_row[1].PE_column[2].PEs/shift_inst/sll_16/*cell*1813    0.0000     0.0   0.0000    0.0000 0.0000 DW01_ash_A_width8_SH_width4
PE_channel[0].PE_row[1].PE_column[3].PEs    0.0000     0.0   0.0000    0.0000 0.0000 processing_element_40
PE_channel[0].PE_row[1].PE_column[3].PEs/accumulator_inst    0.0000     0.0   0.0000    0.0000 0.0000 accumulator_40
PE_channel[0].PE_row[1].PE_column[3].PEs/accumulator_inst/add_22    0.0000     0.0   0.0000    0.0000 0.0000 *ADD_UNS_OP_8_8_8
PE_channel[0].PE_row[1].PE_column[3].PEs/accumulator_inst/add_22/*cell*1435    0.0000     0.0   0.0000    0.0000 0.0000 DW01_add_width8
PE_channel[0].PE_row[1].PE_column[3].PEs/mult_inst    0.0000     0.0   0.0000    0.0000 0.0000 multiplier_40
PE_channel[0].PE_row[1].PE_column[3].PEs/mult_inst/mult_16    0.0000     0.0   0.0000    0.0000 0.0000 *MULT_UNS_OP_4_4_8
PE_channel[0].PE_row[1].PE_column[3].PEs/mult_inst/mult_16/*cell*2100    0.0000     0.0   0.0000    0.0000 0.0000 DW02_mult_A_width4_B_width4
PE_channel[0].PE_row[1].PE_column[3].PEs/shift_inst    0.0000     0.0   0.0000    0.0000 0.0000 shifter_40
PE_channel[0].PE_row[1].PE_column[3].PEs/shift_inst/sll_16    0.0000     0.0   0.0000    0.0000 0.0000 *ASH_UNS_UNS_OP_8_4_8
PE_channel[0].PE_row[1].PE_column[3].PEs/shift_inst/sll_16/*cell*1805    0.0000     0.0   0.0000    0.0000 0.0000 DW01_ash_A_width8_SH_width4
PE_channel[0].PE_row[2].PE_column[0].PEs    0.0000     0.0   0.0000    0.0000 0.0000 processing_element_39
PE_channel[0].PE_row[2].PE_column[0].PEs/accumulator_inst    0.0000     0.0   0.0000    0.0000 0.0000 accumulator_39
PE_channel[0].PE_row[2].PE_column[0].PEs/accumulator_inst/add_22    0.0000     0.0   0.0000    0.0000 0.0000 *ADD_UNS_OP_8_8_8
PE_channel[0].PE_row[2].PE_column[0].PEs/accumulator_inst/add_22/*cell*1431    0.0000     0.0   0.0000    0.0000 0.0000 DW01_add_width8
PE_channel[0].PE_row[2].PE_column[0].PEs/mult_inst    0.0000     0.0   0.0000    0.0000 0.0000 multiplier_39
PE_channel[0].PE_row[2].PE_column[0].PEs/mult_inst/mult_16    0.0000     0.0   0.0000    0.0000 0.0000 *MULT_UNS_OP_4_4_8
PE_channel[0].PE_row[2].PE_column[0].PEs/mult_inst/mult_16/*cell*2094    0.0000     0.0   0.0000    0.0000 0.0000 DW02_mult_A_width4_B_width4
PE_channel[0].PE_row[2].PE_column[0].PEs/shift_inst    0.0000     0.0   0.0000    0.0000 0.0000 shifter_39
PE_channel[0].PE_row[2].PE_column[0].PEs/shift_inst/sll_16    0.0000     0.0   0.0000    0.0000 0.0000 *ASH_UNS_UNS_OP_8_4_8
PE_channel[0].PE_row[2].PE_column[0].PEs/shift_inst/sll_16/*cell*1797    0.0000     0.0   0.0000    0.0000 0.0000 DW01_ash_A_width8_SH_width4
PE_channel[0].PE_row[2].PE_column[1].PEs    0.0000     0.0   0.0000    0.0000 0.0000 processing_element_38
PE_channel[0].PE_row[2].PE_column[1].PEs/accumulator_inst    0.0000     0.0   0.0000    0.0000 0.0000 accumulator_38
PE_channel[0].PE_row[2].PE_column[1].PEs/accumulator_inst/add_22    0.0000     0.0   0.0000    0.0000 0.0000 *ADD_UNS_OP_8_8_8
PE_channel[0].PE_row[2].PE_column[1].PEs/accumulator_inst/add_22/*cell*1427    0.0000     0.0   0.0000    0.0000 0.0000 DW01_add_width8
PE_channel[0].PE_row[2].PE_column[1].PEs/mult_inst    0.0000     0.0   0.0000    0.0000 0.0000 multiplier_38
PE_channel[0].PE_row[2].PE_column[1].PEs/mult_inst/mult_16    0.0000     0.0   0.0000    0.0000 0.0000 *MULT_UNS_OP_4_4_8
PE_channel[0].PE_row[2].PE_column[1].PEs/mult_inst/mult_16/*cell*2088    0.0000     0.0   0.0000    0.0000 0.0000 DW02_mult_A_width4_B_width4
PE_channel[0].PE_row[2].PE_column[1].PEs/shift_inst    0.0000     0.0   0.0000    0.0000 0.0000 shifter_38
PE_channel[0].PE_row[2].PE_column[1].PEs/shift_inst/sll_16    0.0000     0.0   0.0000    0.0000 0.0000 *ASH_UNS_UNS_OP_8_4_8
PE_channel[0].PE_row[2].PE_column[1].PEs/shift_inst/sll_16/*cell*1789    0.0000     0.0   0.0000    0.0000 0.0000 DW01_ash_A_width8_SH_width4
PE_channel[0].PE_row[2].PE_column[2].PEs    0.0000     0.0   0.0000    0.0000 0.0000 processing_element_37
PE_channel[0].PE_row[2].PE_column[2].PEs/accumulator_inst    0.0000     0.0   0.0000    0.0000 0.0000 accumulator_37
PE_channel[0].PE_row[2].PE_column[2].PEs/accumulator_inst/add_22    0.0000     0.0   0.0000    0.0000 0.0000 *ADD_UNS_OP_8_8_8
PE_channel[0].PE_row[2].PE_column[2].PEs/accumulator_inst/add_22/*cell*1423    0.0000     0.0   0.0000    0.0000 0.0000 DW01_add_width8
PE_channel[0].PE_row[2].PE_column[2].PEs/mult_inst    0.0000     0.0   0.0000    0.0000 0.0000 multiplier_37
PE_channel[0].PE_row[2].PE_column[2].PEs/mult_inst/mult_16    0.0000     0.0   0.0000    0.0000 0.0000 *MULT_UNS_OP_4_4_8
PE_channel[0].PE_row[2].PE_column[2].PEs/mult_inst/mult_16/*cell*2082    0.0000     0.0   0.0000    0.0000 0.0000 DW02_mult_A_width4_B_width4
PE_channel[0].PE_row[2].PE_column[2].PEs/shift_inst    0.0000     0.0   0.0000    0.0000 0.0000 shifter_37
PE_channel[0].PE_row[2].PE_column[2].PEs/shift_inst/sll_16    0.0000     0.0   0.0000    0.0000 0.0000 *ASH_UNS_UNS_OP_8_4_8
PE_channel[0].PE_row[2].PE_column[2].PEs/shift_inst/sll_16/*cell*1781    0.0000     0.0   0.0000    0.0000 0.0000 DW01_ash_A_width8_SH_width4
PE_channel[0].PE_row[2].PE_column[3].PEs    0.0000     0.0   0.0000    0.0000 0.0000 processing_element_36
PE_channel[0].PE_row[2].PE_column[3].PEs/accumulator_inst    0.0000     0.0   0.0000    0.0000 0.0000 accumulator_36
PE_channel[0].PE_row[2].PE_column[3].PEs/accumulator_inst/add_22    0.0000     0.0   0.0000    0.0000 0.0000 *ADD_UNS_OP_8_8_8
PE_channel[0].PE_row[2].PE_column[3].PEs/accumulator_inst/add_22/*cell*1419    0.0000     0.0   0.0000    0.0000 0.0000 DW01_add_width8
PE_channel[0].PE_row[2].PE_column[3].PEs/mult_inst    0.0000     0.0   0.0000    0.0000 0.0000 multiplier_36
PE_channel[0].PE_row[2].PE_column[3].PEs/mult_inst/mult_16    0.0000     0.0   0.0000    0.0000 0.0000 *MULT_UNS_OP_4_4_8
PE_channel[0].PE_row[2].PE_column[3].PEs/mult_inst/mult_16/*cell*2076    0.0000     0.0   0.0000    0.0000 0.0000 DW02_mult_A_width4_B_width4
PE_channel[0].PE_row[2].PE_column[3].PEs/shift_inst    0.0000     0.0   0.0000    0.0000 0.0000 shifter_36
PE_channel[0].PE_row[2].PE_column[3].PEs/shift_inst/sll_16    0.0000     0.0   0.0000    0.0000 0.0000 *ASH_UNS_UNS_OP_8_4_8
PE_channel[0].PE_row[2].PE_column[3].PEs/shift_inst/sll_16/*cell*1773    0.0000     0.0   0.0000    0.0000 0.0000 DW01_ash_A_width8_SH_width4
PE_channel[0].PE_row[3].PE_column[0].PEs    0.0000     0.0   0.0000    0.0000 0.0000 processing_element_35
PE_channel[0].PE_row[3].PE_column[0].PEs/accumulator_inst    0.0000     0.0   0.0000    0.0000 0.0000 accumulator_35
PE_channel[0].PE_row[3].PE_column[0].PEs/accumulator_inst/add_22    0.0000     0.0   0.0000    0.0000 0.0000 *ADD_UNS_OP_8_8_8
PE_channel[0].PE_row[3].PE_column[0].PEs/accumulator_inst/add_22/*cell*1415    0.0000     0.0   0.0000    0.0000 0.0000 DW01_add_width8
PE_channel[0].PE_row[3].PE_column[0].PEs/mult_inst    0.0000     0.0   0.0000    0.0000 0.0000 multiplier_35
PE_channel[0].PE_row[3].PE_column[0].PEs/mult_inst/mult_16    0.0000     0.0   0.0000    0.0000 0.0000 *MULT_UNS_OP_4_4_8
PE_channel[0].PE_row[3].PE_column[0].PEs/mult_inst/mult_16/*cell*2070    0.0000     0.0   0.0000    0.0000 0.0000 DW02_mult_A_width4_B_width4
PE_channel[0].PE_row[3].PE_column[0].PEs/shift_inst    0.0000     0.0   0.0000    0.0000 0.0000 shifter_35
PE_channel[0].PE_row[3].PE_column[0].PEs/shift_inst/sll_16    0.0000     0.0   0.0000    0.0000 0.0000 *ASH_UNS_UNS_OP_8_4_8
PE_channel[0].PE_row[3].PE_column[0].PEs/shift_inst/sll_16/*cell*1765    0.0000     0.0   0.0000    0.0000 0.0000 DW01_ash_A_width8_SH_width4
PE_channel[0].PE_row[3].PE_column[1].PEs    0.0000     0.0   0.0000    0.0000 0.0000 processing_element_34
PE_channel[0].PE_row[3].PE_column[1].PEs/accumulator_inst    0.0000     0.0   0.0000    0.0000 0.0000 accumulator_34
PE_channel[0].PE_row[3].PE_column[1].PEs/accumulator_inst/add_22    0.0000     0.0   0.0000    0.0000 0.0000 *ADD_UNS_OP_8_8_8
PE_channel[0].PE_row[3].PE_column[1].PEs/accumulator_inst/add_22/*cell*1411    0.0000     0.0   0.0000    0.0000 0.0000 DW01_add_width8
PE_channel[0].PE_row[3].PE_column[1].PEs/mult_inst    0.0000     0.0   0.0000    0.0000 0.0000 multiplier_34
PE_channel[0].PE_row[3].PE_column[1].PEs/mult_inst/mult_16    0.0000     0.0   0.0000    0.0000 0.0000 *MULT_UNS_OP_4_4_8
PE_channel[0].PE_row[3].PE_column[1].PEs/mult_inst/mult_16/*cell*2064    0.0000     0.0   0.0000    0.0000 0.0000 DW02_mult_A_width4_B_width4
PE_channel[0].PE_row[3].PE_column[1].PEs/shift_inst    0.0000     0.0   0.0000    0.0000 0.0000 shifter_34
PE_channel[0].PE_row[3].PE_column[1].PEs/shift_inst/sll_16    0.0000     0.0   0.0000    0.0000 0.0000 *ASH_UNS_UNS_OP_8_4_8
PE_channel[0].PE_row[3].PE_column[1].PEs/shift_inst/sll_16/*cell*1757    0.0000     0.0   0.0000    0.0000 0.0000 DW01_ash_A_width8_SH_width4
PE_channel[0].PE_row[3].PE_column[2].PEs    0.0000     0.0   0.0000    0.0000 0.0000 processing_element_33
PE_channel[0].PE_row[3].PE_column[2].PEs/accumulator_inst    0.0000     0.0   0.0000    0.0000 0.0000 accumulator_33
PE_channel[0].PE_row[3].PE_column[2].PEs/accumulator_inst/add_22    0.0000     0.0   0.0000    0.0000 0.0000 *ADD_UNS_OP_8_8_8
PE_channel[0].PE_row[3].PE_column[2].PEs/accumulator_inst/add_22/*cell*1407    0.0000     0.0   0.0000    0.0000 0.0000 DW01_add_width8
PE_channel[0].PE_row[3].PE_column[2].PEs/mult_inst    0.0000     0.0   0.0000    0.0000 0.0000 multiplier_33
PE_channel[0].PE_row[3].PE_column[2].PEs/mult_inst/mult_16    0.0000     0.0   0.0000    0.0000 0.0000 *MULT_UNS_OP_4_4_8
PE_channel[0].PE_row[3].PE_column[2].PEs/mult_inst/mult_16/*cell*2058    0.0000     0.0   0.0000    0.0000 0.0000 DW02_mult_A_width4_B_width4
PE_channel[0].PE_row[3].PE_column[2].PEs/shift_inst    0.0000     0.0   0.0000    0.0000 0.0000 shifter_33
PE_channel[0].PE_row[3].PE_column[2].PEs/shift_inst/sll_16    0.0000     0.0   0.0000    0.0000 0.0000 *ASH_UNS_UNS_OP_8_4_8
PE_channel[0].PE_row[3].PE_column[2].PEs/shift_inst/sll_16/*cell*1749    0.0000     0.0   0.0000    0.0000 0.0000 DW01_ash_A_width8_SH_width4
PE_channel[0].PE_row[3].PE_column[3].PEs    0.0000     0.0   0.0000    0.0000 0.0000 processing_element_32
PE_channel[0].PE_row[3].PE_column[3].PEs/accumulator_inst    0.0000     0.0   0.0000    0.0000 0.0000 accumulator_32
PE_channel[0].PE_row[3].PE_column[3].PEs/accumulator_inst/add_22    0.0000     0.0   0.0000    0.0000 0.0000 *ADD_UNS_OP_8_8_8
PE_channel[0].PE_row[3].PE_column[3].PEs/accumulator_inst/add_22/*cell*1403    0.0000     0.0   0.0000    0.0000 0.0000 DW01_add_width8
PE_channel[0].PE_row[3].PE_column[3].PEs/mult_inst    0.0000     0.0   0.0000    0.0000 0.0000 multiplier_32
PE_channel[0].PE_row[3].PE_column[3].PEs/mult_inst/mult_16    0.0000     0.0   0.0000    0.0000 0.0000 *MULT_UNS_OP_4_4_8
PE_channel[0].PE_row[3].PE_column[3].PEs/mult_inst/mult_16/*cell*2052    0.0000     0.0   0.0000    0.0000 0.0000 DW02_mult_A_width4_B_width4
PE_channel[0].PE_row[3].PE_column[3].PEs/shift_inst    0.0000     0.0   0.0000    0.0000 0.0000 shifter_32
PE_channel[0].PE_row[3].PE_column[3].PEs/shift_inst/sll_16    0.0000     0.0   0.0000    0.0000 0.0000 *ASH_UNS_UNS_OP_8_4_8
PE_channel[0].PE_row[3].PE_column[3].PEs/shift_inst/sll_16/*cell*1741    0.0000     0.0   0.0000    0.0000 0.0000 DW01_ash_A_width8_SH_width4
PE_channel[1].PE_row[0].PE_column[0].PEs    0.0000     0.0   0.0000    0.0000 0.0000 processing_element_31
PE_channel[1].PE_row[0].PE_column[0].PEs/accumulator_inst    0.0000     0.0   0.0000    0.0000 0.0000 accumulator_31
PE_channel[1].PE_row[0].PE_column[0].PEs/accumulator_inst/add_22    0.0000     0.0   0.0000    0.0000 0.0000 *ADD_UNS_OP_8_8_8
PE_channel[1].PE_row[0].PE_column[0].PEs/accumulator_inst/add_22/*cell*1399    0.0000     0.0   0.0000    0.0000 0.0000 DW01_add_width8
PE_channel[1].PE_row[0].PE_column[0].PEs/mult_inst    0.0000     0.0   0.0000    0.0000 0.0000 multiplier_31
PE_channel[1].PE_row[0].PE_column[0].PEs/mult_inst/mult_16    0.0000     0.0   0.0000    0.0000 0.0000 *MULT_UNS_OP_4_4_8
PE_channel[1].PE_row[0].PE_column[0].PEs/mult_inst/mult_16/*cell*2046    0.0000     0.0   0.0000    0.0000 0.0000 DW02_mult_A_width4_B_width4
PE_channel[1].PE_row[0].PE_column[0].PEs/shift_inst    0.0000     0.0   0.0000    0.0000 0.0000 shifter_31
PE_channel[1].PE_row[0].PE_column[0].PEs/shift_inst/sll_16    0.0000     0.0   0.0000    0.0000 0.0000 *ASH_UNS_UNS_OP_8_4_8
PE_channel[1].PE_row[0].PE_column[0].PEs/shift_inst/sll_16/*cell*1733    0.0000     0.0   0.0000    0.0000 0.0000 DW01_ash_A_width8_SH_width4
PE_channel[1].PE_row[0].PE_column[1].PEs    0.0000     0.0   0.0000    0.0000 0.0000 processing_element_30
PE_channel[1].PE_row[0].PE_column[1].PEs/accumulator_inst    0.0000     0.0   0.0000    0.0000 0.0000 accumulator_30
PE_channel[1].PE_row[0].PE_column[1].PEs/accumulator_inst/add_22    0.0000     0.0   0.0000    0.0000 0.0000 *ADD_UNS_OP_8_8_8
PE_channel[1].PE_row[0].PE_column[1].PEs/accumulator_inst/add_22/*cell*1395    0.0000     0.0   0.0000    0.0000 0.0000 DW01_add_width8
PE_channel[1].PE_row[0].PE_column[1].PEs/mult_inst    0.0000     0.0   0.0000    0.0000 0.0000 multiplier_30
PE_channel[1].PE_row[0].PE_column[1].PEs/mult_inst/mult_16    0.0000     0.0   0.0000    0.0000 0.0000 *MULT_UNS_OP_4_4_8
PE_channel[1].PE_row[0].PE_column[1].PEs/mult_inst/mult_16/*cell*2040    0.0000     0.0   0.0000    0.0000 0.0000 DW02_mult_A_width4_B_width4
PE_channel[1].PE_row[0].PE_column[1].PEs/shift_inst    0.0000     0.0   0.0000    0.0000 0.0000 shifter_30
PE_channel[1].PE_row[0].PE_column[1].PEs/shift_inst/sll_16    0.0000     0.0   0.0000    0.0000 0.0000 *ASH_UNS_UNS_OP_8_4_8
PE_channel[1].PE_row[0].PE_column[1].PEs/shift_inst/sll_16/*cell*1725    0.0000     0.0   0.0000    0.0000 0.0000 DW01_ash_A_width8_SH_width4
PE_channel[1].PE_row[0].PE_column[2].PEs    0.0000     0.0   0.0000    0.0000 0.0000 processing_element_29
PE_channel[1].PE_row[0].PE_column[2].PEs/accumulator_inst    0.0000     0.0   0.0000    0.0000 0.0000 accumulator_29
PE_channel[1].PE_row[0].PE_column[2].PEs/accumulator_inst/add_22    0.0000     0.0   0.0000    0.0000 0.0000 *ADD_UNS_OP_8_8_8
PE_channel[1].PE_row[0].PE_column[2].PEs/accumulator_inst/add_22/*cell*1391    0.0000     0.0   0.0000    0.0000 0.0000 DW01_add_width8
PE_channel[1].PE_row[0].PE_column[2].PEs/mult_inst    0.0000     0.0   0.0000    0.0000 0.0000 multiplier_29
PE_channel[1].PE_row[0].PE_column[2].PEs/mult_inst/mult_16    0.0000     0.0   0.0000    0.0000 0.0000 *MULT_UNS_OP_4_4_8
PE_channel[1].PE_row[0].PE_column[2].PEs/mult_inst/mult_16/*cell*2034    0.0000     0.0   0.0000    0.0000 0.0000 DW02_mult_A_width4_B_width4
PE_channel[1].PE_row[0].PE_column[2].PEs/shift_inst    0.0000     0.0   0.0000    0.0000 0.0000 shifter_29
PE_channel[1].PE_row[0].PE_column[2].PEs/shift_inst/sll_16    0.0000     0.0   0.0000    0.0000 0.0000 *ASH_UNS_UNS_OP_8_4_8
PE_channel[1].PE_row[0].PE_column[2].PEs/shift_inst/sll_16/*cell*1717    0.0000     0.0   0.0000    0.0000 0.0000 DW01_ash_A_width8_SH_width4
PE_channel[1].PE_row[0].PE_column[3].PEs    0.0000     0.0   0.0000    0.0000 0.0000 processing_element_28
PE_channel[1].PE_row[0].PE_column[3].PEs/accumulator_inst    0.0000     0.0   0.0000    0.0000 0.0000 accumulator_28
PE_channel[1].PE_row[0].PE_column[3].PEs/accumulator_inst/add_22    0.0000     0.0   0.0000    0.0000 0.0000 *ADD_UNS_OP_8_8_8
PE_channel[1].PE_row[0].PE_column[3].PEs/accumulator_inst/add_22/*cell*1387    0.0000     0.0   0.0000    0.0000 0.0000 DW01_add_width8
PE_channel[1].PE_row[0].PE_column[3].PEs/mult_inst    0.0000     0.0   0.0000    0.0000 0.0000 multiplier_28
PE_channel[1].PE_row[0].PE_column[3].PEs/mult_inst/mult_16    0.0000     0.0   0.0000    0.0000 0.0000 *MULT_UNS_OP_4_4_8
PE_channel[1].PE_row[0].PE_column[3].PEs/mult_inst/mult_16/*cell*2028    0.0000     0.0   0.0000    0.0000 0.0000 DW02_mult_A_width4_B_width4
PE_channel[1].PE_row[0].PE_column[3].PEs/shift_inst    0.0000     0.0   0.0000    0.0000 0.0000 shifter_28
PE_channel[1].PE_row[0].PE_column[3].PEs/shift_inst/sll_16    0.0000     0.0   0.0000    0.0000 0.0000 *ASH_UNS_UNS_OP_8_4_8
PE_channel[1].PE_row[0].PE_column[3].PEs/shift_inst/sll_16/*cell*1709    0.0000     0.0   0.0000    0.0000 0.0000 DW01_ash_A_width8_SH_width4
PE_channel[1].PE_row[1].PE_column[0].PEs    0.0000     0.0   0.0000    0.0000 0.0000 processing_element_27
PE_channel[1].PE_row[1].PE_column[0].PEs/accumulator_inst    0.0000     0.0   0.0000    0.0000 0.0000 accumulator_27
PE_channel[1].PE_row[1].PE_column[0].PEs/accumulator_inst/add_22    0.0000     0.0   0.0000    0.0000 0.0000 *ADD_UNS_OP_8_8_8
PE_channel[1].PE_row[1].PE_column[0].PEs/accumulator_inst/add_22/*cell*1383    0.0000     0.0   0.0000    0.0000 0.0000 DW01_add_width8
PE_channel[1].PE_row[1].PE_column[0].PEs/mult_inst    0.0000     0.0   0.0000    0.0000 0.0000 multiplier_27
PE_channel[1].PE_row[1].PE_column[0].PEs/mult_inst/mult_16    0.0000     0.0   0.0000    0.0000 0.0000 *MULT_UNS_OP_4_4_8
PE_channel[1].PE_row[1].PE_column[0].PEs/mult_inst/mult_16/*cell*2022    0.0000     0.0   0.0000    0.0000 0.0000 DW02_mult_A_width4_B_width4
PE_channel[1].PE_row[1].PE_column[0].PEs/shift_inst    0.0000     0.0   0.0000    0.0000 0.0000 shifter_27
PE_channel[1].PE_row[1].PE_column[0].PEs/shift_inst/sll_16    0.0000     0.0   0.0000    0.0000 0.0000 *ASH_UNS_UNS_OP_8_4_8
PE_channel[1].PE_row[1].PE_column[0].PEs/shift_inst/sll_16/*cell*1701    0.0000     0.0   0.0000    0.0000 0.0000 DW01_ash_A_width8_SH_width4
PE_channel[1].PE_row[1].PE_column[1].PEs    0.0000     0.0   0.0000    0.0000 0.0000 processing_element_26
PE_channel[1].PE_row[1].PE_column[1].PEs/accumulator_inst    0.0000     0.0   0.0000    0.0000 0.0000 accumulator_26
PE_channel[1].PE_row[1].PE_column[1].PEs/accumulator_inst/add_22    0.0000     0.0   0.0000    0.0000 0.0000 *ADD_UNS_OP_8_8_8
PE_channel[1].PE_row[1].PE_column[1].PEs/accumulator_inst/add_22/*cell*1379    0.0000     0.0   0.0000    0.0000 0.0000 DW01_add_width8
PE_channel[1].PE_row[1].PE_column[1].PEs/mult_inst    0.0000     0.0   0.0000    0.0000 0.0000 multiplier_26
PE_channel[1].PE_row[1].PE_column[1].PEs/mult_inst/mult_16    0.0000     0.0   0.0000    0.0000 0.0000 *MULT_UNS_OP_4_4_8
PE_channel[1].PE_row[1].PE_column[1].PEs/mult_inst/mult_16/*cell*2016    0.0000     0.0   0.0000    0.0000 0.0000 DW02_mult_A_width4_B_width4
PE_channel[1].PE_row[1].PE_column[1].PEs/shift_inst    0.0000     0.0   0.0000    0.0000 0.0000 shifter_26
PE_channel[1].PE_row[1].PE_column[1].PEs/shift_inst/sll_16    0.0000     0.0   0.0000    0.0000 0.0000 *ASH_UNS_UNS_OP_8_4_8
PE_channel[1].PE_row[1].PE_column[1].PEs/shift_inst/sll_16/*cell*1693    0.0000     0.0   0.0000    0.0000 0.0000 DW01_ash_A_width8_SH_width4
PE_channel[1].PE_row[1].PE_column[2].PEs    0.0000     0.0   0.0000    0.0000 0.0000 processing_element_25
PE_channel[1].PE_row[1].PE_column[2].PEs/accumulator_inst    0.0000     0.0   0.0000    0.0000 0.0000 accumulator_25
PE_channel[1].PE_row[1].PE_column[2].PEs/accumulator_inst/add_22    0.0000     0.0   0.0000    0.0000 0.0000 *ADD_UNS_OP_8_8_8
PE_channel[1].PE_row[1].PE_column[2].PEs/accumulator_inst/add_22/*cell*1375    0.0000     0.0   0.0000    0.0000 0.0000 DW01_add_width8
PE_channel[1].PE_row[1].PE_column[2].PEs/mult_inst    0.0000     0.0   0.0000    0.0000 0.0000 multiplier_25
PE_channel[1].PE_row[1].PE_column[2].PEs/mult_inst/mult_16    0.0000     0.0   0.0000    0.0000 0.0000 *MULT_UNS_OP_4_4_8
PE_channel[1].PE_row[1].PE_column[2].PEs/mult_inst/mult_16/*cell*2010    0.0000     0.0   0.0000    0.0000 0.0000 DW02_mult_A_width4_B_width4
PE_channel[1].PE_row[1].PE_column[2].PEs/shift_inst    0.0000     0.0   0.0000    0.0000 0.0000 shifter_25
PE_channel[1].PE_row[1].PE_column[2].PEs/shift_inst/sll_16    0.0000     0.0   0.0000    0.0000 0.0000 *ASH_UNS_UNS_OP_8_4_8
PE_channel[1].PE_row[1].PE_column[2].PEs/shift_inst/sll_16/*cell*1685    0.0000     0.0   0.0000    0.0000 0.0000 DW01_ash_A_width8_SH_width4
PE_channel[1].PE_row[1].PE_column[3].PEs    0.0000     0.0   0.0000    0.0000 0.0000 processing_element_24
PE_channel[1].PE_row[1].PE_column[3].PEs/accumulator_inst    0.0000     0.0   0.0000    0.0000 0.0000 accumulator_24
PE_channel[1].PE_row[1].PE_column[3].PEs/accumulator_inst/add_22    0.0000     0.0   0.0000    0.0000 0.0000 *ADD_UNS_OP_8_8_8
PE_channel[1].PE_row[1].PE_column[3].PEs/accumulator_inst/add_22/*cell*1371    0.0000     0.0   0.0000    0.0000 0.0000 DW01_add_width8
PE_channel[1].PE_row[1].PE_column[3].PEs/mult_inst    0.0000     0.0   0.0000    0.0000 0.0000 multiplier_24
PE_channel[1].PE_row[1].PE_column[3].PEs/mult_inst/mult_16    0.0000     0.0   0.0000    0.0000 0.0000 *MULT_UNS_OP_4_4_8
PE_channel[1].PE_row[1].PE_column[3].PEs/mult_inst/mult_16/*cell*2004    0.0000     0.0   0.0000    0.0000 0.0000 DW02_mult_A_width4_B_width4
PE_channel[1].PE_row[1].PE_column[3].PEs/shift_inst    0.0000     0.0   0.0000    0.0000 0.0000 shifter_24
PE_channel[1].PE_row[1].PE_column[3].PEs/shift_inst/sll_16    0.0000     0.0   0.0000    0.0000 0.0000 *ASH_UNS_UNS_OP_8_4_8
PE_channel[1].PE_row[1].PE_column[3].PEs/shift_inst/sll_16/*cell*1677    0.0000     0.0   0.0000    0.0000 0.0000 DW01_ash_A_width8_SH_width4
PE_channel[1].PE_row[2].PE_column[0].PEs    0.0000     0.0   0.0000    0.0000 0.0000 processing_element_23
PE_channel[1].PE_row[2].PE_column[0].PEs/accumulator_inst    0.0000     0.0   0.0000    0.0000 0.0000 accumulator_23
PE_channel[1].PE_row[2].PE_column[0].PEs/accumulator_inst/add_22    0.0000     0.0   0.0000    0.0000 0.0000 *ADD_UNS_OP_8_8_8
PE_channel[1].PE_row[2].PE_column[0].PEs/accumulator_inst/add_22/*cell*1367    0.0000     0.0   0.0000    0.0000 0.0000 DW01_add_width8
PE_channel[1].PE_row[2].PE_column[0].PEs/mult_inst    0.0000     0.0   0.0000    0.0000 0.0000 multiplier_23
PE_channel[1].PE_row[2].PE_column[0].PEs/mult_inst/mult_16    0.0000     0.0   0.0000    0.0000 0.0000 *MULT_UNS_OP_4_4_8
PE_channel[1].PE_row[2].PE_column[0].PEs/mult_inst/mult_16/*cell*1998    0.0000     0.0   0.0000    0.0000 0.0000 DW02_mult_A_width4_B_width4
PE_channel[1].PE_row[2].PE_column[0].PEs/shift_inst    0.0000     0.0   0.0000    0.0000 0.0000 shifter_23
PE_channel[1].PE_row[2].PE_column[0].PEs/shift_inst/sll_16    0.0000     0.0   0.0000    0.0000 0.0000 *ASH_UNS_UNS_OP_8_4_8
PE_channel[1].PE_row[2].PE_column[0].PEs/shift_inst/sll_16/*cell*1669    0.0000     0.0   0.0000    0.0000 0.0000 DW01_ash_A_width8_SH_width4
PE_channel[1].PE_row[2].PE_column[1].PEs    0.0000     0.0   0.0000    0.0000 0.0000 processing_element_22
PE_channel[1].PE_row[2].PE_column[1].PEs/accumulator_inst    0.0000     0.0   0.0000    0.0000 0.0000 accumulator_22
PE_channel[1].PE_row[2].PE_column[1].PEs/accumulator_inst/add_22    0.0000     0.0   0.0000    0.0000 0.0000 *ADD_UNS_OP_8_8_8
PE_channel[1].PE_row[2].PE_column[1].PEs/accumulator_inst/add_22/*cell*1363    0.0000     0.0   0.0000    0.0000 0.0000 DW01_add_width8
PE_channel[1].PE_row[2].PE_column[1].PEs/mult_inst    0.0000     0.0   0.0000    0.0000 0.0000 multiplier_22
PE_channel[1].PE_row[2].PE_column[1].PEs/mult_inst/mult_16    0.0000     0.0   0.0000    0.0000 0.0000 *MULT_UNS_OP_4_4_8
PE_channel[1].PE_row[2].PE_column[1].PEs/mult_inst/mult_16/*cell*1992    0.0000     0.0   0.0000    0.0000 0.0000 DW02_mult_A_width4_B_width4
PE_channel[1].PE_row[2].PE_column[1].PEs/shift_inst    0.0000     0.0   0.0000    0.0000 0.0000 shifter_22
PE_channel[1].PE_row[2].PE_column[1].PEs/shift_inst/sll_16    0.0000     0.0   0.0000    0.0000 0.0000 *ASH_UNS_UNS_OP_8_4_8
PE_channel[1].PE_row[2].PE_column[1].PEs/shift_inst/sll_16/*cell*1661    0.0000     0.0   0.0000    0.0000 0.0000 DW01_ash_A_width8_SH_width4
PE_channel[1].PE_row[2].PE_column[2].PEs    0.0000     0.0   0.0000    0.0000 0.0000 processing_element_21
PE_channel[1].PE_row[2].PE_column[2].PEs/accumulator_inst    0.0000     0.0   0.0000    0.0000 0.0000 accumulator_21
PE_channel[1].PE_row[2].PE_column[2].PEs/accumulator_inst/add_22    0.0000     0.0   0.0000    0.0000 0.0000 *ADD_UNS_OP_8_8_8
PE_channel[1].PE_row[2].PE_column[2].PEs/accumulator_inst/add_22/*cell*1359    0.0000     0.0   0.0000    0.0000 0.0000 DW01_add_width8
PE_channel[1].PE_row[2].PE_column[2].PEs/mult_inst    0.0000     0.0   0.0000    0.0000 0.0000 multiplier_21
PE_channel[1].PE_row[2].PE_column[2].PEs/mult_inst/mult_16    0.0000     0.0   0.0000    0.0000 0.0000 *MULT_UNS_OP_4_4_8
PE_channel[1].PE_row[2].PE_column[2].PEs/mult_inst/mult_16/*cell*1986    0.0000     0.0   0.0000    0.0000 0.0000 DW02_mult_A_width4_B_width4
PE_channel[1].PE_row[2].PE_column[2].PEs/shift_inst    0.0000     0.0   0.0000    0.0000 0.0000 shifter_21
PE_channel[1].PE_row[2].PE_column[2].PEs/shift_inst/sll_16    0.0000     0.0   0.0000    0.0000 0.0000 *ASH_UNS_UNS_OP_8_4_8
PE_channel[1].PE_row[2].PE_column[2].PEs/shift_inst/sll_16/*cell*1653    0.0000     0.0   0.0000    0.0000 0.0000 DW01_ash_A_width8_SH_width4
PE_channel[1].PE_row[2].PE_column[3].PEs    0.0000     0.0   0.0000    0.0000 0.0000 processing_element_20
PE_channel[1].PE_row[2].PE_column[3].PEs/accumulator_inst    0.0000     0.0   0.0000    0.0000 0.0000 accumulator_20
PE_channel[1].PE_row[2].PE_column[3].PEs/accumulator_inst/add_22    0.0000     0.0   0.0000    0.0000 0.0000 *ADD_UNS_OP_8_8_8
PE_channel[1].PE_row[2].PE_column[3].PEs/accumulator_inst/add_22/*cell*1355    0.0000     0.0   0.0000    0.0000 0.0000 DW01_add_width8
PE_channel[1].PE_row[2].PE_column[3].PEs/mult_inst    0.0000     0.0   0.0000    0.0000 0.0000 multiplier_20
PE_channel[1].PE_row[2].PE_column[3].PEs/mult_inst/mult_16    0.0000     0.0   0.0000    0.0000 0.0000 *MULT_UNS_OP_4_4_8
PE_channel[1].PE_row[2].PE_column[3].PEs/mult_inst/mult_16/*cell*1980    0.0000     0.0   0.0000    0.0000 0.0000 DW02_mult_A_width4_B_width4
PE_channel[1].PE_row[2].PE_column[3].PEs/shift_inst    0.0000     0.0   0.0000    0.0000 0.0000 shifter_20
PE_channel[1].PE_row[2].PE_column[3].PEs/shift_inst/sll_16    0.0000     0.0   0.0000    0.0000 0.0000 *ASH_UNS_UNS_OP_8_4_8
PE_channel[1].PE_row[2].PE_column[3].PEs/shift_inst/sll_16/*cell*1645    0.0000     0.0   0.0000    0.0000 0.0000 DW01_ash_A_width8_SH_width4
PE_channel[1].PE_row[3].PE_column[0].PEs    0.0000     0.0   0.0000    0.0000 0.0000 processing_element_19
PE_channel[1].PE_row[3].PE_column[0].PEs/accumulator_inst    0.0000     0.0   0.0000    0.0000 0.0000 accumulator_19
PE_channel[1].PE_row[3].PE_column[0].PEs/accumulator_inst/add_22    0.0000     0.0   0.0000    0.0000 0.0000 *ADD_UNS_OP_8_8_8
PE_channel[1].PE_row[3].PE_column[0].PEs/accumulator_inst/add_22/*cell*1351    0.0000     0.0   0.0000    0.0000 0.0000 DW01_add_width8
PE_channel[1].PE_row[3].PE_column[0].PEs/mult_inst    0.0000     0.0   0.0000    0.0000 0.0000 multiplier_19
PE_channel[1].PE_row[3].PE_column[0].PEs/mult_inst/mult_16    0.0000     0.0   0.0000    0.0000 0.0000 *MULT_UNS_OP_4_4_8
PE_channel[1].PE_row[3].PE_column[0].PEs/mult_inst/mult_16/*cell*1974    0.0000     0.0   0.0000    0.0000 0.0000 DW02_mult_A_width4_B_width4
PE_channel[1].PE_row[3].PE_column[0].PEs/shift_inst    0.0000     0.0   0.0000    0.0000 0.0000 shifter_19
PE_channel[1].PE_row[3].PE_column[0].PEs/shift_inst/sll_16    0.0000     0.0   0.0000    0.0000 0.0000 *ASH_UNS_UNS_OP_8_4_8
PE_channel[1].PE_row[3].PE_column[0].PEs/shift_inst/sll_16/*cell*1637    0.0000     0.0   0.0000    0.0000 0.0000 DW01_ash_A_width8_SH_width4
PE_channel[1].PE_row[3].PE_column[1].PEs    0.0000     0.0   0.0000    0.0000 0.0000 processing_element_18
PE_channel[1].PE_row[3].PE_column[1].PEs/accumulator_inst    0.0000     0.0   0.0000    0.0000 0.0000 accumulator_18
PE_channel[1].PE_row[3].PE_column[1].PEs/accumulator_inst/add_22    0.0000     0.0   0.0000    0.0000 0.0000 *ADD_UNS_OP_8_8_8
PE_channel[1].PE_row[3].PE_column[1].PEs/accumulator_inst/add_22/*cell*1347    0.0000     0.0   0.0000    0.0000 0.0000 DW01_add_width8
PE_channel[1].PE_row[3].PE_column[1].PEs/mult_inst    0.0000     0.0   0.0000    0.0000 0.0000 multiplier_18
PE_channel[1].PE_row[3].PE_column[1].PEs/mult_inst/mult_16    0.0000     0.0   0.0000    0.0000 0.0000 *MULT_UNS_OP_4_4_8
PE_channel[1].PE_row[3].PE_column[1].PEs/mult_inst/mult_16/*cell*1968    0.0000     0.0   0.0000    0.0000 0.0000 DW02_mult_A_width4_B_width4
PE_channel[1].PE_row[3].PE_column[1].PEs/shift_inst    0.0000     0.0   0.0000    0.0000 0.0000 shifter_18
PE_channel[1].PE_row[3].PE_column[1].PEs/shift_inst/sll_16    0.0000     0.0   0.0000    0.0000 0.0000 *ASH_UNS_UNS_OP_8_4_8
PE_channel[1].PE_row[3].PE_column[1].PEs/shift_inst/sll_16/*cell*1629    0.0000     0.0   0.0000    0.0000 0.0000 DW01_ash_A_width8_SH_width4
PE_channel[1].PE_row[3].PE_column[2].PEs    0.0000     0.0   0.0000    0.0000 0.0000 processing_element_17
PE_channel[1].PE_row[3].PE_column[2].PEs/accumulator_inst    0.0000     0.0   0.0000    0.0000 0.0000 accumulator_17
PE_channel[1].PE_row[3].PE_column[2].PEs/accumulator_inst/add_22    0.0000     0.0   0.0000    0.0000 0.0000 *ADD_UNS_OP_8_8_8
PE_channel[1].PE_row[3].PE_column[2].PEs/accumulator_inst/add_22/*cell*1343    0.0000     0.0   0.0000    0.0000 0.0000 DW01_add_width8
PE_channel[1].PE_row[3].PE_column[2].PEs/mult_inst    0.0000     0.0   0.0000    0.0000 0.0000 multiplier_17
PE_channel[1].PE_row[3].PE_column[2].PEs/mult_inst/mult_16    0.0000     0.0   0.0000    0.0000 0.0000 *MULT_UNS_OP_4_4_8
PE_channel[1].PE_row[3].PE_column[2].PEs/mult_inst/mult_16/*cell*1962    0.0000     0.0   0.0000    0.0000 0.0000 DW02_mult_A_width4_B_width4
PE_channel[1].PE_row[3].PE_column[2].PEs/shift_inst    0.0000     0.0   0.0000    0.0000 0.0000 shifter_17
PE_channel[1].PE_row[3].PE_column[2].PEs/shift_inst/sll_16    0.0000     0.0   0.0000    0.0000 0.0000 *ASH_UNS_UNS_OP_8_4_8
PE_channel[1].PE_row[3].PE_column[2].PEs/shift_inst/sll_16/*cell*1621    0.0000     0.0   0.0000    0.0000 0.0000 DW01_ash_A_width8_SH_width4
PE_channel[1].PE_row[3].PE_column[3].PEs    0.0000     0.0   0.0000    0.0000 0.0000 processing_element_16
PE_channel[1].PE_row[3].PE_column[3].PEs/accumulator_inst    0.0000     0.0   0.0000    0.0000 0.0000 accumulator_16
PE_channel[1].PE_row[3].PE_column[3].PEs/accumulator_inst/add_22    0.0000     0.0   0.0000    0.0000 0.0000 *ADD_UNS_OP_8_8_8
PE_channel[1].PE_row[3].PE_column[3].PEs/accumulator_inst/add_22/*cell*1339    0.0000     0.0   0.0000    0.0000 0.0000 DW01_add_width8
PE_channel[1].PE_row[3].PE_column[3].PEs/mult_inst    0.0000     0.0   0.0000    0.0000 0.0000 multiplier_16
PE_channel[1].PE_row[3].PE_column[3].PEs/mult_inst/mult_16    0.0000     0.0   0.0000    0.0000 0.0000 *MULT_UNS_OP_4_4_8
PE_channel[1].PE_row[3].PE_column[3].PEs/mult_inst/mult_16/*cell*1956    0.0000     0.0   0.0000    0.0000 0.0000 DW02_mult_A_width4_B_width4
PE_channel[1].PE_row[3].PE_column[3].PEs/shift_inst    0.0000     0.0   0.0000    0.0000 0.0000 shifter_16
PE_channel[1].PE_row[3].PE_column[3].PEs/shift_inst/sll_16    0.0000     0.0   0.0000    0.0000 0.0000 *ASH_UNS_UNS_OP_8_4_8
PE_channel[1].PE_row[3].PE_column[3].PEs/shift_inst/sll_16/*cell*1613    0.0000     0.0   0.0000    0.0000 0.0000 DW01_ash_A_width8_SH_width4
PE_channel[2].PE_row[0].PE_column[0].PEs    0.0000     0.0   0.0000    0.0000 0.0000 processing_element_15
PE_channel[2].PE_row[0].PE_column[0].PEs/accumulator_inst    0.0000     0.0   0.0000    0.0000 0.0000 accumulator_15
PE_channel[2].PE_row[0].PE_column[0].PEs/accumulator_inst/add_22    0.0000     0.0   0.0000    0.0000 0.0000 *ADD_UNS_OP_8_8_8
PE_channel[2].PE_row[0].PE_column[0].PEs/accumulator_inst/add_22/*cell*1335    0.0000     0.0   0.0000    0.0000 0.0000 DW01_add_width8
PE_channel[2].PE_row[0].PE_column[0].PEs/mult_inst    0.0000     0.0   0.0000    0.0000 0.0000 multiplier_15
PE_channel[2].PE_row[0].PE_column[0].PEs/mult_inst/mult_16    0.0000     0.0   0.0000    0.0000 0.0000 *MULT_UNS_OP_4_4_8
PE_channel[2].PE_row[0].PE_column[0].PEs/mult_inst/mult_16/*cell*1950    0.0000     0.0   0.0000    0.0000 0.0000 DW02_mult_A_width4_B_width4
PE_channel[2].PE_row[0].PE_column[0].PEs/shift_inst    0.0000     0.0   0.0000    0.0000 0.0000 shifter_15
PE_channel[2].PE_row[0].PE_column[0].PEs/shift_inst/sll_16    0.0000     0.0   0.0000    0.0000 0.0000 *ASH_UNS_UNS_OP_8_4_8
PE_channel[2].PE_row[0].PE_column[0].PEs/shift_inst/sll_16/*cell*1605    0.0000     0.0   0.0000    0.0000 0.0000 DW01_ash_A_width8_SH_width4
PE_channel[2].PE_row[0].PE_column[1].PEs    0.0000     0.0   0.0000    0.0000 0.0000 processing_element_14
PE_channel[2].PE_row[0].PE_column[1].PEs/accumulator_inst    0.0000     0.0   0.0000    0.0000 0.0000 accumulator_14
PE_channel[2].PE_row[0].PE_column[1].PEs/accumulator_inst/add_22    0.0000     0.0   0.0000    0.0000 0.0000 *ADD_UNS_OP_8_8_8
PE_channel[2].PE_row[0].PE_column[1].PEs/accumulator_inst/add_22/*cell*1331    0.0000     0.0   0.0000    0.0000 0.0000 DW01_add_width8
PE_channel[2].PE_row[0].PE_column[1].PEs/mult_inst    0.0000     0.0   0.0000    0.0000 0.0000 multiplier_14
PE_channel[2].PE_row[0].PE_column[1].PEs/mult_inst/mult_16    0.0000     0.0   0.0000    0.0000 0.0000 *MULT_UNS_OP_4_4_8
PE_channel[2].PE_row[0].PE_column[1].PEs/mult_inst/mult_16/*cell*1944    0.0000     0.0   0.0000    0.0000 0.0000 DW02_mult_A_width4_B_width4
PE_channel[2].PE_row[0].PE_column[1].PEs/shift_inst    0.0000     0.0   0.0000    0.0000 0.0000 shifter_14
PE_channel[2].PE_row[0].PE_column[1].PEs/shift_inst/sll_16    0.0000     0.0   0.0000    0.0000 0.0000 *ASH_UNS_UNS_OP_8_4_8
PE_channel[2].PE_row[0].PE_column[1].PEs/shift_inst/sll_16/*cell*1597    0.0000     0.0   0.0000    0.0000 0.0000 DW01_ash_A_width8_SH_width4
PE_channel[2].PE_row[0].PE_column[2].PEs    0.0000     0.0   0.0000    0.0000 0.0000 processing_element_13
PE_channel[2].PE_row[0].PE_column[2].PEs/accumulator_inst    0.0000     0.0   0.0000    0.0000 0.0000 accumulator_13
PE_channel[2].PE_row[0].PE_column[2].PEs/accumulator_inst/add_22    0.0000     0.0   0.0000    0.0000 0.0000 *ADD_UNS_OP_8_8_8
PE_channel[2].PE_row[0].PE_column[2].PEs/accumulator_inst/add_22/*cell*1327    0.0000     0.0   0.0000    0.0000 0.0000 DW01_add_width8
PE_channel[2].PE_row[0].PE_column[2].PEs/mult_inst    0.0000     0.0   0.0000    0.0000 0.0000 multiplier_13
PE_channel[2].PE_row[0].PE_column[2].PEs/mult_inst/mult_16    0.0000     0.0   0.0000    0.0000 0.0000 *MULT_UNS_OP_4_4_8
PE_channel[2].PE_row[0].PE_column[2].PEs/mult_inst/mult_16/*cell*1938    0.0000     0.0   0.0000    0.0000 0.0000 DW02_mult_A_width4_B_width4
PE_channel[2].PE_row[0].PE_column[2].PEs/shift_inst    0.0000     0.0   0.0000    0.0000 0.0000 shifter_13
PE_channel[2].PE_row[0].PE_column[2].PEs/shift_inst/sll_16    0.0000     0.0   0.0000    0.0000 0.0000 *ASH_UNS_UNS_OP_8_4_8
PE_channel[2].PE_row[0].PE_column[2].PEs/shift_inst/sll_16/*cell*1589    0.0000     0.0   0.0000    0.0000 0.0000 DW01_ash_A_width8_SH_width4
PE_channel[2].PE_row[0].PE_column[3].PEs    0.0000     0.0   0.0000    0.0000 0.0000 processing_element_12
PE_channel[2].PE_row[0].PE_column[3].PEs/accumulator_inst    0.0000     0.0   0.0000    0.0000 0.0000 accumulator_12
PE_channel[2].PE_row[0].PE_column[3].PEs/accumulator_inst/add_22    0.0000     0.0   0.0000    0.0000 0.0000 *ADD_UNS_OP_8_8_8
PE_channel[2].PE_row[0].PE_column[3].PEs/accumulator_inst/add_22/*cell*1323    0.0000     0.0   0.0000    0.0000 0.0000 DW01_add_width8
PE_channel[2].PE_row[0].PE_column[3].PEs/mult_inst    0.0000     0.0   0.0000    0.0000 0.0000 multiplier_12
PE_channel[2].PE_row[0].PE_column[3].PEs/mult_inst/mult_16    0.0000     0.0   0.0000    0.0000 0.0000 *MULT_UNS_OP_4_4_8
PE_channel[2].PE_row[0].PE_column[3].PEs/mult_inst/mult_16/*cell*1932    0.0000     0.0   0.0000    0.0000 0.0000 DW02_mult_A_width4_B_width4
PE_channel[2].PE_row[0].PE_column[3].PEs/shift_inst    0.0000     0.0   0.0000    0.0000 0.0000 shifter_12
PE_channel[2].PE_row[0].PE_column[3].PEs/shift_inst/sll_16    0.0000     0.0   0.0000    0.0000 0.0000 *ASH_UNS_UNS_OP_8_4_8
PE_channel[2].PE_row[0].PE_column[3].PEs/shift_inst/sll_16/*cell*1581    0.0000     0.0   0.0000    0.0000 0.0000 DW01_ash_A_width8_SH_width4
PE_channel[2].PE_row[1].PE_column[0].PEs    0.0000     0.0   0.0000    0.0000 0.0000 processing_element_11
PE_channel[2].PE_row[1].PE_column[0].PEs/accumulator_inst    0.0000     0.0   0.0000    0.0000 0.0000 accumulator_11
PE_channel[2].PE_row[1].PE_column[0].PEs/accumulator_inst/add_22    0.0000     0.0   0.0000    0.0000 0.0000 *ADD_UNS_OP_8_8_8
PE_channel[2].PE_row[1].PE_column[0].PEs/accumulator_inst/add_22/*cell*1319    0.0000     0.0   0.0000    0.0000 0.0000 DW01_add_width8
PE_channel[2].PE_row[1].PE_column[0].PEs/mult_inst    0.0000     0.0   0.0000    0.0000 0.0000 multiplier_11
PE_channel[2].PE_row[1].PE_column[0].PEs/mult_inst/mult_16    0.0000     0.0   0.0000    0.0000 0.0000 *MULT_UNS_OP_4_4_8
PE_channel[2].PE_row[1].PE_column[0].PEs/mult_inst/mult_16/*cell*1926    0.0000     0.0   0.0000    0.0000 0.0000 DW02_mult_A_width4_B_width4
PE_channel[2].PE_row[1].PE_column[0].PEs/shift_inst    0.0000     0.0   0.0000    0.0000 0.0000 shifter_11
PE_channel[2].PE_row[1].PE_column[0].PEs/shift_inst/sll_16    0.0000     0.0   0.0000    0.0000 0.0000 *ASH_UNS_UNS_OP_8_4_8
PE_channel[2].PE_row[1].PE_column[0].PEs/shift_inst/sll_16/*cell*1573    0.0000     0.0   0.0000    0.0000 0.0000 DW01_ash_A_width8_SH_width4
PE_channel[2].PE_row[1].PE_column[1].PEs    0.0000     0.0   0.0000    0.0000 0.0000 processing_element_10
PE_channel[2].PE_row[1].PE_column[1].PEs/accumulator_inst    0.0000     0.0   0.0000    0.0000 0.0000 accumulator_10
PE_channel[2].PE_row[1].PE_column[1].PEs/accumulator_inst/add_22    0.0000     0.0   0.0000    0.0000 0.0000 *ADD_UNS_OP_8_8_8
PE_channel[2].PE_row[1].PE_column[1].PEs/accumulator_inst/add_22/*cell*1315    0.0000     0.0   0.0000    0.0000 0.0000 DW01_add_width8
PE_channel[2].PE_row[1].PE_column[1].PEs/mult_inst    0.0000     0.0   0.0000    0.0000 0.0000 multiplier_10
PE_channel[2].PE_row[1].PE_column[1].PEs/mult_inst/mult_16    0.0000     0.0   0.0000    0.0000 0.0000 *MULT_UNS_OP_4_4_8
PE_channel[2].PE_row[1].PE_column[1].PEs/mult_inst/mult_16/*cell*1920    0.0000     0.0   0.0000    0.0000 0.0000 DW02_mult_A_width4_B_width4
PE_channel[2].PE_row[1].PE_column[1].PEs/shift_inst    0.0000     0.0   0.0000    0.0000 0.0000 shifter_10
PE_channel[2].PE_row[1].PE_column[1].PEs/shift_inst/sll_16    0.0000     0.0   0.0000    0.0000 0.0000 *ASH_UNS_UNS_OP_8_4_8
PE_channel[2].PE_row[1].PE_column[1].PEs/shift_inst/sll_16/*cell*1565    0.0000     0.0   0.0000    0.0000 0.0000 DW01_ash_A_width8_SH_width4
PE_channel[2].PE_row[1].PE_column[2].PEs    0.0000     0.0   0.0000    0.0000 0.0000 processing_element_9
PE_channel[2].PE_row[1].PE_column[2].PEs/accumulator_inst    0.0000     0.0   0.0000    0.0000 0.0000 accumulator_9
PE_channel[2].PE_row[1].PE_column[2].PEs/accumulator_inst/add_22    0.0000     0.0   0.0000    0.0000 0.0000 *ADD_UNS_OP_8_8_8
PE_channel[2].PE_row[1].PE_column[2].PEs/accumulator_inst/add_22/*cell*1311    0.0000     0.0   0.0000    0.0000 0.0000 DW01_add_width8
PE_channel[2].PE_row[1].PE_column[2].PEs/mult_inst    0.0000     0.0   0.0000    0.0000 0.0000 multiplier_9
PE_channel[2].PE_row[1].PE_column[2].PEs/mult_inst/mult_16    0.0000     0.0   0.0000    0.0000 0.0000 *MULT_UNS_OP_4_4_8
PE_channel[2].PE_row[1].PE_column[2].PEs/mult_inst/mult_16/*cell*1914    0.0000     0.0   0.0000    0.0000 0.0000 DW02_mult_A_width4_B_width4
PE_channel[2].PE_row[1].PE_column[2].PEs/shift_inst    0.0000     0.0   0.0000    0.0000 0.0000 shifter_9
PE_channel[2].PE_row[1].PE_column[2].PEs/shift_inst/sll_16    0.0000     0.0   0.0000    0.0000 0.0000 *ASH_UNS_UNS_OP_8_4_8
PE_channel[2].PE_row[1].PE_column[2].PEs/shift_inst/sll_16/*cell*1557    0.0000     0.0   0.0000    0.0000 0.0000 DW01_ash_A_width8_SH_width4
PE_channel[2].PE_row[1].PE_column[3].PEs    0.0000     0.0   0.0000    0.0000 0.0000 processing_element_8
PE_channel[2].PE_row[1].PE_column[3].PEs/accumulator_inst    0.0000     0.0   0.0000    0.0000 0.0000 accumulator_8
PE_channel[2].PE_row[1].PE_column[3].PEs/accumulator_inst/add_22    0.0000     0.0   0.0000    0.0000 0.0000 *ADD_UNS_OP_8_8_8
PE_channel[2].PE_row[1].PE_column[3].PEs/accumulator_inst/add_22/*cell*1307    0.0000     0.0   0.0000    0.0000 0.0000 DW01_add_width8
PE_channel[2].PE_row[1].PE_column[3].PEs/mult_inst    0.0000     0.0   0.0000    0.0000 0.0000 multiplier_8
PE_channel[2].PE_row[1].PE_column[3].PEs/mult_inst/mult_16    0.0000     0.0   0.0000    0.0000 0.0000 *MULT_UNS_OP_4_4_8
PE_channel[2].PE_row[1].PE_column[3].PEs/mult_inst/mult_16/*cell*1908    0.0000     0.0   0.0000    0.0000 0.0000 DW02_mult_A_width4_B_width4
PE_channel[2].PE_row[1].PE_column[3].PEs/shift_inst    0.0000     0.0   0.0000    0.0000 0.0000 shifter_8
PE_channel[2].PE_row[1].PE_column[3].PEs/shift_inst/sll_16    0.0000     0.0   0.0000    0.0000 0.0000 *ASH_UNS_UNS_OP_8_4_8
PE_channel[2].PE_row[1].PE_column[3].PEs/shift_inst/sll_16/*cell*1549    0.0000     0.0   0.0000    0.0000 0.0000 DW01_ash_A_width8_SH_width4
PE_channel[2].PE_row[2].PE_column[0].PEs    0.0000     0.0   0.0000    0.0000 0.0000 processing_element_7
PE_channel[2].PE_row[2].PE_column[0].PEs/accumulator_inst    0.0000     0.0   0.0000    0.0000 0.0000 accumulator_7
PE_channel[2].PE_row[2].PE_column[0].PEs/accumulator_inst/add_22    0.0000     0.0   0.0000    0.0000 0.0000 *ADD_UNS_OP_8_8_8
PE_channel[2].PE_row[2].PE_column[0].PEs/accumulator_inst/add_22/*cell*1303    0.0000     0.0   0.0000    0.0000 0.0000 DW01_add_width8
PE_channel[2].PE_row[2].PE_column[0].PEs/mult_inst    0.0000     0.0   0.0000    0.0000 0.0000 multiplier_7
PE_channel[2].PE_row[2].PE_column[0].PEs/mult_inst/mult_16    0.0000     0.0   0.0000    0.0000 0.0000 *MULT_UNS_OP_4_4_8
PE_channel[2].PE_row[2].PE_column[0].PEs/mult_inst/mult_16/*cell*1902    0.0000     0.0   0.0000    0.0000 0.0000 DW02_mult_A_width4_B_width4
PE_channel[2].PE_row[2].PE_column[0].PEs/shift_inst    0.0000     0.0   0.0000    0.0000 0.0000 shifter_7
PE_channel[2].PE_row[2].PE_column[0].PEs/shift_inst/sll_16    0.0000     0.0   0.0000    0.0000 0.0000 *ASH_UNS_UNS_OP_8_4_8
PE_channel[2].PE_row[2].PE_column[0].PEs/shift_inst/sll_16/*cell*1541    0.0000     0.0   0.0000    0.0000 0.0000 DW01_ash_A_width8_SH_width4
PE_channel[2].PE_row[2].PE_column[1].PEs    0.0000     0.0   0.0000    0.0000 0.0000 processing_element_6
PE_channel[2].PE_row[2].PE_column[1].PEs/accumulator_inst    0.0000     0.0   0.0000    0.0000 0.0000 accumulator_6
PE_channel[2].PE_row[2].PE_column[1].PEs/accumulator_inst/add_22    0.0000     0.0   0.0000    0.0000 0.0000 *ADD_UNS_OP_8_8_8
PE_channel[2].PE_row[2].PE_column[1].PEs/accumulator_inst/add_22/*cell*1299    0.0000     0.0   0.0000    0.0000 0.0000 DW01_add_width8
PE_channel[2].PE_row[2].PE_column[1].PEs/mult_inst    0.0000     0.0   0.0000    0.0000 0.0000 multiplier_6
PE_channel[2].PE_row[2].PE_column[1].PEs/mult_inst/mult_16    0.0000     0.0   0.0000    0.0000 0.0000 *MULT_UNS_OP_4_4_8
PE_channel[2].PE_row[2].PE_column[1].PEs/mult_inst/mult_16/*cell*1896    0.0000     0.0   0.0000    0.0000 0.0000 DW02_mult_A_width4_B_width4
PE_channel[2].PE_row[2].PE_column[1].PEs/shift_inst    0.0000     0.0   0.0000    0.0000 0.0000 shifter_6
PE_channel[2].PE_row[2].PE_column[1].PEs/shift_inst/sll_16    0.0000     0.0   0.0000    0.0000 0.0000 *ASH_UNS_UNS_OP_8_4_8
PE_channel[2].PE_row[2].PE_column[1].PEs/shift_inst/sll_16/*cell*1533    0.0000     0.0   0.0000    0.0000 0.0000 DW01_ash_A_width8_SH_width4
PE_channel[2].PE_row[2].PE_column[2].PEs    0.0000     0.0   0.0000    0.0000 0.0000 processing_element_5
PE_channel[2].PE_row[2].PE_column[2].PEs/accumulator_inst    0.0000     0.0   0.0000    0.0000 0.0000 accumulator_5
PE_channel[2].PE_row[2].PE_column[2].PEs/accumulator_inst/add_22    0.0000     0.0   0.0000    0.0000 0.0000 *ADD_UNS_OP_8_8_8
PE_channel[2].PE_row[2].PE_column[2].PEs/accumulator_inst/add_22/*cell*1295    0.0000     0.0   0.0000    0.0000 0.0000 DW01_add_width8
PE_channel[2].PE_row[2].PE_column[2].PEs/mult_inst    0.0000     0.0   0.0000    0.0000 0.0000 multiplier_5
PE_channel[2].PE_row[2].PE_column[2].PEs/mult_inst/mult_16    0.0000     0.0   0.0000    0.0000 0.0000 *MULT_UNS_OP_4_4_8
PE_channel[2].PE_row[2].PE_column[2].PEs/mult_inst/mult_16/*cell*1890    0.0000     0.0   0.0000    0.0000 0.0000 DW02_mult_A_width4_B_width4
PE_channel[2].PE_row[2].PE_column[2].PEs/shift_inst    0.0000     0.0   0.0000    0.0000 0.0000 shifter_5
PE_channel[2].PE_row[2].PE_column[2].PEs/shift_inst/sll_16    0.0000     0.0   0.0000    0.0000 0.0000 *ASH_UNS_UNS_OP_8_4_8
PE_channel[2].PE_row[2].PE_column[2].PEs/shift_inst/sll_16/*cell*1525    0.0000     0.0   0.0000    0.0000 0.0000 DW01_ash_A_width8_SH_width4
PE_channel[2].PE_row[2].PE_column[3].PEs    0.0000     0.0   0.0000    0.0000 0.0000 processing_element_4
PE_channel[2].PE_row[2].PE_column[3].PEs/accumulator_inst    0.0000     0.0   0.0000    0.0000 0.0000 accumulator_4
PE_channel[2].PE_row[2].PE_column[3].PEs/accumulator_inst/add_22    0.0000     0.0   0.0000    0.0000 0.0000 *ADD_UNS_OP_8_8_8
PE_channel[2].PE_row[2].PE_column[3].PEs/accumulator_inst/add_22/*cell*1291    0.0000     0.0   0.0000    0.0000 0.0000 DW01_add_width8
PE_channel[2].PE_row[2].PE_column[3].PEs/mult_inst    0.0000     0.0   0.0000    0.0000 0.0000 multiplier_4
PE_channel[2].PE_row[2].PE_column[3].PEs/mult_inst/mult_16    0.0000     0.0   0.0000    0.0000 0.0000 *MULT_UNS_OP_4_4_8
PE_channel[2].PE_row[2].PE_column[3].PEs/mult_inst/mult_16/*cell*1884    0.0000     0.0   0.0000    0.0000 0.0000 DW02_mult_A_width4_B_width4
PE_channel[2].PE_row[2].PE_column[3].PEs/shift_inst    0.0000     0.0   0.0000    0.0000 0.0000 shifter_4
PE_channel[2].PE_row[2].PE_column[3].PEs/shift_inst/sll_16    0.0000     0.0   0.0000    0.0000 0.0000 *ASH_UNS_UNS_OP_8_4_8
PE_channel[2].PE_row[2].PE_column[3].PEs/shift_inst/sll_16/*cell*1517    0.0000     0.0   0.0000    0.0000 0.0000 DW01_ash_A_width8_SH_width4
PE_channel[2].PE_row[3].PE_column[0].PEs    0.0000     0.0   0.0000    0.0000 0.0000 processing_element_3
PE_channel[2].PE_row[3].PE_column[0].PEs/accumulator_inst    0.0000     0.0   0.0000    0.0000 0.0000 accumulator_3
PE_channel[2].PE_row[3].PE_column[0].PEs/accumulator_inst/add_22    0.0000     0.0   0.0000    0.0000 0.0000 *ADD_UNS_OP_8_8_8
PE_channel[2].PE_row[3].PE_column[0].PEs/accumulator_inst/add_22/*cell*1287    0.0000     0.0   0.0000    0.0000 0.0000 DW01_add_width8
PE_channel[2].PE_row[3].PE_column[0].PEs/mult_inst    0.0000     0.0   0.0000    0.0000 0.0000 multiplier_3
PE_channel[2].PE_row[3].PE_column[0].PEs/mult_inst/mult_16    0.0000     0.0   0.0000    0.0000 0.0000 *MULT_UNS_OP_4_4_8
PE_channel[2].PE_row[3].PE_column[0].PEs/mult_inst/mult_16/*cell*1878    0.0000     0.0   0.0000    0.0000 0.0000 DW02_mult_A_width4_B_width4
PE_channel[2].PE_row[3].PE_column[0].PEs/shift_inst    0.0000     0.0   0.0000    0.0000 0.0000 shifter_3
PE_channel[2].PE_row[3].PE_column[0].PEs/shift_inst/sll_16    0.0000     0.0   0.0000    0.0000 0.0000 *ASH_UNS_UNS_OP_8_4_8
PE_channel[2].PE_row[3].PE_column[0].PEs/shift_inst/sll_16/*cell*1509    0.0000     0.0   0.0000    0.0000 0.0000 DW01_ash_A_width8_SH_width4
PE_channel[2].PE_row[3].PE_column[1].PEs    0.0000     0.0   0.0000    0.0000 0.0000 processing_element_2
PE_channel[2].PE_row[3].PE_column[1].PEs/accumulator_inst    0.0000     0.0   0.0000    0.0000 0.0000 accumulator_2
PE_channel[2].PE_row[3].PE_column[1].PEs/accumulator_inst/add_22    0.0000     0.0   0.0000    0.0000 0.0000 *ADD_UNS_OP_8_8_8
PE_channel[2].PE_row[3].PE_column[1].PEs/accumulator_inst/add_22/*cell*1283    0.0000     0.0   0.0000    0.0000 0.0000 DW01_add_width8
PE_channel[2].PE_row[3].PE_column[1].PEs/mult_inst    0.0000     0.0   0.0000    0.0000 0.0000 multiplier_2
PE_channel[2].PE_row[3].PE_column[1].PEs/mult_inst/mult_16    0.0000     0.0   0.0000    0.0000 0.0000 *MULT_UNS_OP_4_4_8
PE_channel[2].PE_row[3].PE_column[1].PEs/mult_inst/mult_16/*cell*1872    0.0000     0.0   0.0000    0.0000 0.0000 DW02_mult_A_width4_B_width4
PE_channel[2].PE_row[3].PE_column[1].PEs/shift_inst    0.0000     0.0   0.0000    0.0000 0.0000 shifter_2
PE_channel[2].PE_row[3].PE_column[1].PEs/shift_inst/sll_16    0.0000     0.0   0.0000    0.0000 0.0000 *ASH_UNS_UNS_OP_8_4_8
PE_channel[2].PE_row[3].PE_column[1].PEs/shift_inst/sll_16/*cell*1501    0.0000     0.0   0.0000    0.0000 0.0000 DW01_ash_A_width8_SH_width4
PE_channel[2].PE_row[3].PE_column[2].PEs    0.0000     0.0   0.0000    0.0000 0.0000 processing_element_1
PE_channel[2].PE_row[3].PE_column[2].PEs/accumulator_inst    0.0000     0.0   0.0000    0.0000 0.0000 accumulator_1
PE_channel[2].PE_row[3].PE_column[2].PEs/accumulator_inst/add_22    0.0000     0.0   0.0000    0.0000 0.0000 *ADD_UNS_OP_8_8_8
PE_channel[2].PE_row[3].PE_column[2].PEs/accumulator_inst/add_22/*cell*1279    0.0000     0.0   0.0000    0.0000 0.0000 DW01_add_width8
PE_channel[2].PE_row[3].PE_column[2].PEs/mult_inst    0.0000     0.0   0.0000    0.0000 0.0000 multiplier_1
PE_channel[2].PE_row[3].PE_column[2].PEs/mult_inst/mult_16    0.0000     0.0   0.0000    0.0000 0.0000 *MULT_UNS_OP_4_4_8
PE_channel[2].PE_row[3].PE_column[2].PEs/mult_inst/mult_16/*cell*1866    0.0000     0.0   0.0000    0.0000 0.0000 DW02_mult_A_width4_B_width4
PE_channel[2].PE_row[3].PE_column[2].PEs/shift_inst    0.0000     0.0   0.0000    0.0000 0.0000 shifter_1
PE_channel[2].PE_row[3].PE_column[2].PEs/shift_inst/sll_16    0.0000     0.0   0.0000    0.0000 0.0000 *ASH_UNS_UNS_OP_8_4_8
PE_channel[2].PE_row[3].PE_column[2].PEs/shift_inst/sll_16/*cell*1493    0.0000     0.0   0.0000    0.0000 0.0000 DW01_ash_A_width8_SH_width4
PE_channel[2].PE_row[3].PE_column[3].PEs    0.0000     0.0   0.0000    0.0000 0.0000 processing_element_0
PE_channel[2].PE_row[3].PE_column[3].PEs/accumulator_inst    0.0000     0.0   0.0000    0.0000 0.0000 accumulator_0
PE_channel[2].PE_row[3].PE_column[3].PEs/accumulator_inst/add_22    0.0000     0.0   0.0000    0.0000 0.0000 *ADD_UNS_OP_8_8_8
PE_channel[2].PE_row[3].PE_column[3].PEs/accumulator_inst/add_22/*cell*1275    0.0000     0.0   0.0000    0.0000 0.0000 DW01_add_width8
PE_channel[2].PE_row[3].PE_column[3].PEs/mult_inst    0.0000     0.0   0.0000    0.0000 0.0000 multiplier_0
PE_channel[2].PE_row[3].PE_column[3].PEs/mult_inst/mult_16    0.0000     0.0   0.0000    0.0000 0.0000 *MULT_UNS_OP_4_4_8
PE_channel[2].PE_row[3].PE_column[3].PEs/mult_inst/mult_16/*cell*1860    0.0000     0.0   0.0000    0.0000 0.0000 DW02_mult_A_width4_B_width4
PE_channel[2].PE_row[3].PE_column[3].PEs/shift_inst    0.0000     0.0   0.0000    0.0000 0.0000 shifter_0
PE_channel[2].PE_row[3].PE_column[3].PEs/shift_inst/sll_16    0.0000     0.0   0.0000    0.0000 0.0000 *ASH_UNS_UNS_OP_8_4_8
PE_channel[2].PE_row[3].PE_column[3].PEs/shift_inst/sll_16/*cell*1485    0.0000     0.0   0.0000    0.0000 0.0000 DW01_ash_A_width8_SH_width4
add_113                              0.0000      0.0    0.0000     0.0000  0.0000  *ADD_UNS_OP_6_1_6
add_113/*cell*945                    0.0000      0.0    0.0000     0.0000  0.0000  DW01_inc_width6
add_113_I2                           0.0000      0.0    0.0000     0.0000  0.0000  *ADD_UNS_OP_6_1_6
add_113_I2/*cell*947                 0.0000      0.0    0.0000     0.0000  0.0000  DW01_inc_width6
add_113_I3                           0.0000      0.0    0.0000     0.0000  0.0000  *ADD_UNS_OP_6_1_6
add_113_I3/*cell*949                 0.0000      0.0    0.0000     0.0000  0.0000  DW01_inc_width6
add_135                              0.0000      0.0    0.0000     0.0000  0.0000  *ADD_UNS_OP_6_1_6
add_135/*cell*951                    0.0000      0.0    0.0000     0.0000  0.0000  DW01_inc_width6
add_135_I2                           0.0000      0.0    0.0000     0.0000  0.0000  *ADD_UNS_OP_6_1_6
add_135_I2/*cell*953                 0.0000      0.0    0.0000     0.0000  0.0000  DW01_inc_width6
add_135_I3                           0.0000      0.0    0.0000     0.0000  0.0000  *ADD_UNS_OP_6_1_6
add_135_I3/*cell*955                 0.0000      0.0    0.0000     0.0000  0.0000  DW01_inc_width6
delta_down_channel[0].delta_down_counter_inst    0.0000     0.0   0.0000    0.0000 0.0000 delta_down_counter_2
delta_down_channel[0].delta_down_counter_inst/sub_20    0.0000     0.0   0.0000    0.0000 0.0000 *SUB_UNS_OP_3_1_3
delta_down_channel[0].delta_down_counter_inst/sub_20/*cell*1247    0.0000     0.0   0.0000    0.0000 0.0000 DW01_dec_width3
delta_down_channel[0].delta_down_counter_inst/sub_22    0.0000     0.0   0.0000    0.0000 0.0000 *SUB_UNS_OP_3_1_3
delta_down_channel[0].delta_down_counter_inst/sub_22/*cell*1249    0.0000     0.0   0.0000    0.0000 0.0000 DW01_dec_width3
delta_down_channel[1].delta_down_counter_inst    0.0000     0.0   0.0000    0.0000 0.0000 delta_down_counter_1
delta_down_channel[1].delta_down_counter_inst/sub_20    0.0000     0.0   0.0000    0.0000 0.0000 *SUB_UNS_OP_3_1_3
delta_down_channel[1].delta_down_counter_inst/sub_20/*cell*1468    0.0000     0.0   0.0000    0.0000 0.0000 DW01_dec_width3
delta_down_channel[1].delta_down_counter_inst/sub_22    0.0000     0.0   0.0000    0.0000 0.0000 *SUB_UNS_OP_3_1_3
delta_down_channel[1].delta_down_counter_inst/sub_22/*cell*1470    0.0000     0.0   0.0000    0.0000 0.0000 DW01_dec_width3
delta_down_channel[2].delta_down_counter_inst    0.0000     0.0   0.0000    0.0000 0.0000 delta_down_counter_0
delta_down_channel[2].delta_down_counter_inst/sub_20    0.0000     0.0   0.0000    0.0000 0.0000 *SUB_UNS_OP_3_1_3
delta_down_channel[2].delta_down_counter_inst/sub_20/*cell*1463    0.0000     0.0   0.0000    0.0000 0.0000 DW01_dec_width3
delta_down_channel[2].delta_down_counter_inst/sub_22    0.0000     0.0   0.0000    0.0000 0.0000 *SUB_UNS_OP_3_1_3
delta_down_channel[2].delta_down_counter_inst/sub_22/*cell*1465    0.0000     0.0   0.0000    0.0000 0.0000 DW01_dec_width3
index_down_channel[0].index_down_counter_inst    0.0000     0.0   0.0000    0.0000 0.0000 index_down_counter_2
index_down_channel[0].index_down_counter_inst/sub_20    0.0000     0.0   0.0000    0.0000 0.0000 *SUB_UNS_OP_4_1_4
index_down_channel[0].index_down_counter_inst/sub_20/*cell*1252    0.0000     0.0   0.0000    0.0000 0.0000 DW01_dec_width4
index_down_channel[0].index_down_counter_inst/sub_22    0.0000     0.0   0.0000    0.0000 0.0000 *SUB_UNS_OP_4_1_4
index_down_channel[0].index_down_counter_inst/sub_22/*cell*1254    0.0000     0.0   0.0000    0.0000 0.0000 DW01_dec_width4
index_down_channel[1].index_down_counter_inst    0.0000     0.0   0.0000    0.0000 0.0000 index_down_counter_1
index_down_channel[1].index_down_counter_inst/sub_20    0.0000     0.0   0.0000    0.0000 0.0000 *SUB_UNS_OP_4_1_4
index_down_channel[1].index_down_counter_inst/sub_20/*cell*1478    0.0000     0.0   0.0000    0.0000 0.0000 DW01_dec_width4
index_down_channel[1].index_down_counter_inst/sub_22    0.0000     0.0   0.0000    0.0000 0.0000 *SUB_UNS_OP_4_1_4
index_down_channel[1].index_down_counter_inst/sub_22/*cell*1480    0.0000     0.0   0.0000    0.0000 0.0000 DW01_dec_width4
index_down_channel[2].index_down_counter_inst    0.0000     0.0   0.0000    0.0000 0.0000 index_down_counter_0
index_down_channel[2].index_down_counter_inst/sub_20    0.0000     0.0   0.0000    0.0000 0.0000 *SUB_UNS_OP_4_1_4
index_down_channel[2].index_down_counter_inst/sub_20/*cell*1473    0.0000     0.0   0.0000    0.0000 0.0000 DW01_dec_width4
index_down_channel[2].index_down_counter_inst/sub_22    0.0000     0.0   0.0000    0.0000 0.0000 *SUB_UNS_OP_4_1_4
index_down_channel[2].index_down_counter_inst/sub_22/*cell*1475    0.0000     0.0   0.0000    0.0000 0.0000 DW01_dec_width4
output_buffer_inst                   0.0000      0.0    0.0000     0.0000  0.0000  output_buffer
output_buffer_inst/sub_30            0.0000      0.0    0.0000     0.0000  0.0000  *SUB_UNS_OP_1_1_2
output_buffer_inst/sub_30/*cell*961    0.0000     0.0   0.0000     0.0000  0.0000  DW01_sub_width2
output_buffer_inst/sub_30_2          0.0000      0.0    0.0000     0.0000  0.0000  *SUB_UNS_OP_1_1_2
output_buffer_inst/sub_30_2/*cell*958    0.0000     0.0   0.0000    0.0000 0.0000  DW01_sub_width2
output_buffer_inst/sub_30_2_I2       0.0000      0.0    0.0000     0.0000  0.0000  *SUB_UNS_OP_1_1_2
output_buffer_inst/sub_30_2_I2/*cell*1054    0.0000     0.0   0.0000    0.0000 0.0000 DW01_sub_width2
output_buffer_inst/sub_30_2_I2_I1    0.0000      0.0    0.0000     0.0000  0.0000  *SUB_UNS_OP_1_1_2
output_buffer_inst/sub_30_2_I2_I1/*cell*982    0.0000     0.0   0.0000    0.0000 0.0000 DW01_sub_width2
output_buffer_inst/sub_30_2_I2_I1_I1    0.0000     0.0   0.0000    0.0000  0.0000  *SUB_UNS_OP_1_1_2
output_buffer_inst/sub_30_2_I2_I1_I1/*cell*964    0.0000     0.0   0.0000    0.0000 0.0000 DW01_sub_width2
output_buffer_inst/sub_30_2_I2_I1_I2    0.0000     0.0   0.0000    0.0000  0.0000  *SUB_UNS_OP_1_1_2
output_buffer_inst/sub_30_2_I2_I1_I2/*cell*1060    0.0000     0.0   0.0000    0.0000 0.0000 DW01_sub_width2
output_buffer_inst/sub_30_2_I2_I1_I3    0.0000     0.0   0.0000    0.0000  0.0000  *SUB_UNS_OP_1_1_2
output_buffer_inst/sub_30_2_I2_I1_I3/*cell*1156    0.0000     0.0   0.0000    0.0000 0.0000 DW01_sub_width2
output_buffer_inst/sub_30_2_I2_I2    0.0000      0.0    0.0000     0.0000  0.0000  *SUB_UNS_OP_1_1_2
output_buffer_inst/sub_30_2_I2_I2/*cell*1078    0.0000     0.0   0.0000    0.0000 0.0000 DW01_sub_width2
output_buffer_inst/sub_30_2_I2_I2_I1    0.0000     0.0   0.0000    0.0000  0.0000  *SUB_UNS_OP_1_1_2
output_buffer_inst/sub_30_2_I2_I2_I1/*cell*988    0.0000     0.0   0.0000    0.0000 0.0000 DW01_sub_width2
output_buffer_inst/sub_30_2_I2_I2_I2    0.0000     0.0   0.0000    0.0000  0.0000  *SUB_UNS_OP_1_1_2
output_buffer_inst/sub_30_2_I2_I2_I2/*cell*1084    0.0000     0.0   0.0000    0.0000 0.0000 DW01_sub_width2
output_buffer_inst/sub_30_2_I2_I2_I3    0.0000     0.0   0.0000    0.0000  0.0000  *SUB_UNS_OP_1_1_2
output_buffer_inst/sub_30_2_I2_I2_I3/*cell*1180    0.0000     0.0   0.0000    0.0000 0.0000 DW01_sub_width2
output_buffer_inst/sub_30_2_I2_I3    0.0000      0.0    0.0000     0.0000  0.0000  *SUB_UNS_OP_1_1_2
output_buffer_inst/sub_30_2_I2_I3/*cell*1174    0.0000     0.0   0.0000    0.0000 0.0000 DW01_sub_width2
output_buffer_inst/sub_30_2_I2_I3_I1    0.0000     0.0   0.0000    0.0000  0.0000  *SUB_UNS_OP_1_1_2
output_buffer_inst/sub_30_2_I2_I3_I1/*cell*1012    0.0000     0.0   0.0000    0.0000 0.0000 DW01_sub_width2
output_buffer_inst/sub_30_2_I2_I3_I2    0.0000     0.0   0.0000    0.0000  0.0000  *SUB_UNS_OP_1_1_2
output_buffer_inst/sub_30_2_I2_I3_I2/*cell*1108    0.0000     0.0   0.0000    0.0000 0.0000 DW01_sub_width2
output_buffer_inst/sub_30_2_I2_I3_I3    0.0000     0.0   0.0000    0.0000  0.0000  *SUB_UNS_OP_1_1_2
output_buffer_inst/sub_30_2_I2_I3_I3/*cell*1204    0.0000     0.0   0.0000    0.0000 0.0000 DW01_sub_width2
output_buffer_inst/sub_30_2_I2_I4_I1    0.0000     0.0   0.0000    0.0000  0.0000  *SUB_UNS_OP_1_1_2
output_buffer_inst/sub_30_2_I2_I4_I1/*cell*1036    0.0000     0.0   0.0000    0.0000 0.0000 DW01_sub_width2
output_buffer_inst/sub_30_2_I2_I4_I2    0.0000     0.0   0.0000    0.0000  0.0000  *SUB_UNS_OP_1_1_2
output_buffer_inst/sub_30_2_I2_I4_I2/*cell*1132    0.0000     0.0   0.0000    0.0000 0.0000 DW01_sub_width2
output_buffer_inst/sub_30_2_I2_I4_I3    0.0000     0.0   0.0000    0.0000  0.0000  *SUB_UNS_OP_1_1_2
output_buffer_inst/sub_30_2_I2_I4_I3/*cell*1228    0.0000     0.0   0.0000    0.0000 0.0000 DW01_sub_width2
output_buffer_inst/sub_30_2_I3       0.0000      0.0    0.0000     0.0000  0.0000  *SUB_UNS_OP_1_1_2
output_buffer_inst/sub_30_2_I3/*cell*1150    0.0000     0.0   0.0000    0.0000 0.0000 DW01_sub_width2
output_buffer_inst/sub_30_2_I3_I1    0.0000      0.0    0.0000     0.0000  0.0000  *SUB_UNS_OP_1_1_2
output_buffer_inst/sub_30_2_I3_I1/*cell*1006    0.0000     0.0   0.0000    0.0000 0.0000 DW01_sub_width2
output_buffer_inst/sub_30_2_I3_I1_I1    0.0000     0.0   0.0000    0.0000  0.0000  *SUB_UNS_OP_2_1_3
output_buffer_inst/sub_30_2_I3_I1_I1/*cell*970    0.0000     0.0   0.0000    0.0000 0.0000 DW01_sub_width3
output_buffer_inst/sub_30_2_I3_I1_I2    0.0000     0.0   0.0000    0.0000  0.0000  *SUB_UNS_OP_2_1_3
output_buffer_inst/sub_30_2_I3_I1_I2/*cell*1066    0.0000     0.0   0.0000    0.0000 0.0000 DW01_sub_width3
output_buffer_inst/sub_30_2_I3_I1_I3    0.0000     0.0   0.0000    0.0000  0.0000  *SUB_UNS_OP_2_1_3
output_buffer_inst/sub_30_2_I3_I1_I3/*cell*1162    0.0000     0.0   0.0000    0.0000 0.0000 DW01_sub_width3
output_buffer_inst/sub_30_2_I3_I2    0.0000      0.0    0.0000     0.0000  0.0000  *SUB_UNS_OP_1_1_2
output_buffer_inst/sub_30_2_I3_I2/*cell*1102    0.0000     0.0   0.0000    0.0000 0.0000 DW01_sub_width2
output_buffer_inst/sub_30_2_I3_I2_I1    0.0000     0.0   0.0000    0.0000  0.0000  *SUB_UNS_OP_2_1_3
output_buffer_inst/sub_30_2_I3_I2_I1/*cell*994    0.0000     0.0   0.0000    0.0000 0.0000 DW01_sub_width3
output_buffer_inst/sub_30_2_I3_I2_I2    0.0000     0.0   0.0000    0.0000  0.0000  *SUB_UNS_OP_2_1_3
output_buffer_inst/sub_30_2_I3_I2_I2/*cell*1090    0.0000     0.0   0.0000    0.0000 0.0000 DW01_sub_width3
output_buffer_inst/sub_30_2_I3_I2_I3    0.0000     0.0   0.0000    0.0000  0.0000  *SUB_UNS_OP_2_1_3
output_buffer_inst/sub_30_2_I3_I2_I3/*cell*1186    0.0000     0.0   0.0000    0.0000 0.0000 DW01_sub_width3
output_buffer_inst/sub_30_2_I3_I3    0.0000      0.0    0.0000     0.0000  0.0000  *SUB_UNS_OP_1_1_2
output_buffer_inst/sub_30_2_I3_I3/*cell*1198    0.0000     0.0   0.0000    0.0000 0.0000 DW01_sub_width2
output_buffer_inst/sub_30_2_I3_I3_I1    0.0000     0.0   0.0000    0.0000  0.0000  *SUB_UNS_OP_2_1_3
output_buffer_inst/sub_30_2_I3_I3_I1/*cell*1018    0.0000     0.0   0.0000    0.0000 0.0000 DW01_sub_width3
output_buffer_inst/sub_30_2_I3_I3_I2    0.0000     0.0   0.0000    0.0000  0.0000  *SUB_UNS_OP_2_1_3
output_buffer_inst/sub_30_2_I3_I3_I2/*cell*1114    0.0000     0.0   0.0000    0.0000 0.0000 DW01_sub_width3
output_buffer_inst/sub_30_2_I3_I3_I3    0.0000     0.0   0.0000    0.0000  0.0000  *SUB_UNS_OP_2_1_3
output_buffer_inst/sub_30_2_I3_I3_I3/*cell*1210    0.0000     0.0   0.0000    0.0000 0.0000 DW01_sub_width3
output_buffer_inst/sub_30_2_I3_I4_I1    0.0000     0.0   0.0000    0.0000  0.0000  *SUB_UNS_OP_2_1_3
output_buffer_inst/sub_30_2_I3_I4_I1/*cell*1042    0.0000     0.0   0.0000    0.0000 0.0000 DW01_sub_width3
output_buffer_inst/sub_30_2_I3_I4_I2    0.0000     0.0   0.0000    0.0000  0.0000  *SUB_UNS_OP_2_1_3
output_buffer_inst/sub_30_2_I3_I4_I2/*cell*1138    0.0000     0.0   0.0000    0.0000 0.0000 DW01_sub_width3
output_buffer_inst/sub_30_2_I3_I4_I3    0.0000     0.0   0.0000    0.0000  0.0000  *SUB_UNS_OP_2_1_3
output_buffer_inst/sub_30_2_I3_I4_I3/*cell*1234    0.0000     0.0   0.0000    0.0000 0.0000 DW01_sub_width3
output_buffer_inst/sub_30_2_I4_I1    0.0000      0.0    0.0000     0.0000  0.0000  *SUB_UNS_OP_1_1_2
output_buffer_inst/sub_30_2_I4_I1/*cell*1030    0.0000     0.0   0.0000    0.0000 0.0000 DW01_sub_width2
output_buffer_inst/sub_30_2_I4_I1_I1    0.0000     0.0   0.0000    0.0000  0.0000  *SUB_UNS_OP_2_1_3
output_buffer_inst/sub_30_2_I4_I1_I1/*cell*976    0.0000     0.0   0.0000    0.0000 0.0000 DW01_sub_width3
output_buffer_inst/sub_30_2_I4_I1_I2    0.0000     0.0   0.0000    0.0000  0.0000  *SUB_UNS_OP_2_1_3
output_buffer_inst/sub_30_2_I4_I1_I2/*cell*1072    0.0000     0.0   0.0000    0.0000 0.0000 DW01_sub_width3
output_buffer_inst/sub_30_2_I4_I1_I3    0.0000     0.0   0.0000    0.0000  0.0000  *SUB_UNS_OP_2_1_3
output_buffer_inst/sub_30_2_I4_I1_I3/*cell*1168    0.0000     0.0   0.0000    0.0000 0.0000 DW01_sub_width3
output_buffer_inst/sub_30_2_I4_I2    0.0000      0.0    0.0000     0.0000  0.0000  *SUB_UNS_OP_1_1_2
output_buffer_inst/sub_30_2_I4_I2/*cell*1126    0.0000     0.0   0.0000    0.0000 0.0000 DW01_sub_width2
output_buffer_inst/sub_30_2_I4_I2_I1    0.0000     0.0   0.0000    0.0000  0.0000  *SUB_UNS_OP_2_1_3
output_buffer_inst/sub_30_2_I4_I2_I1/*cell*1000    0.0000     0.0   0.0000    0.0000 0.0000 DW01_sub_width3
output_buffer_inst/sub_30_2_I4_I2_I2    0.0000     0.0   0.0000    0.0000  0.0000  *SUB_UNS_OP_2_1_3
output_buffer_inst/sub_30_2_I4_I2_I2/*cell*1096    0.0000     0.0   0.0000    0.0000 0.0000 DW01_sub_width3
output_buffer_inst/sub_30_2_I4_I2_I3    0.0000     0.0   0.0000    0.0000  0.0000  *SUB_UNS_OP_2_1_3
output_buffer_inst/sub_30_2_I4_I2_I3/*cell*1192    0.0000     0.0   0.0000    0.0000 0.0000 DW01_sub_width3
output_buffer_inst/sub_30_2_I4_I3    0.0000      0.0    0.0000     0.0000  0.0000  *SUB_UNS_OP_1_1_2
output_buffer_inst/sub_30_2_I4_I3/*cell*1222    0.0000     0.0   0.0000    0.0000 0.0000 DW01_sub_width2
output_buffer_inst/sub_30_2_I4_I3_I1    0.0000     0.0   0.0000    0.0000  0.0000  *SUB_UNS_OP_2_1_3
output_buffer_inst/sub_30_2_I4_I3_I1/*cell*1024    0.0000     0.0   0.0000    0.0000 0.0000 DW01_sub_width3
output_buffer_inst/sub_30_2_I4_I3_I2    0.0000     0.0   0.0000    0.0000  0.0000  *SUB_UNS_OP_2_1_3
output_buffer_inst/sub_30_2_I4_I3_I2/*cell*1120    0.0000     0.0   0.0000    0.0000 0.0000 DW01_sub_width3
output_buffer_inst/sub_30_2_I4_I3_I3    0.0000     0.0   0.0000    0.0000  0.0000  *SUB_UNS_OP_2_1_3
output_buffer_inst/sub_30_2_I4_I3_I3/*cell*1216    0.0000     0.0   0.0000    0.0000 0.0000 DW01_sub_width3
output_buffer_inst/sub_30_2_I4_I4_I1    0.0000     0.0   0.0000    0.0000  0.0000  *SUB_UNS_OP_2_1_3
output_buffer_inst/sub_30_2_I4_I4_I1/*cell*1048    0.0000     0.0   0.0000    0.0000 0.0000 DW01_sub_width3
output_buffer_inst/sub_30_2_I4_I4_I2    0.0000     0.0   0.0000    0.0000  0.0000  *SUB_UNS_OP_2_1_3
output_buffer_inst/sub_30_2_I4_I4_I2/*cell*1144    0.0000     0.0   0.0000    0.0000 0.0000 DW01_sub_width3
output_buffer_inst/sub_30_2_I4_I4_I3    0.0000     0.0   0.0000    0.0000  0.0000  *SUB_UNS_OP_2_1_3
output_buffer_inst/sub_30_2_I4_I4_I3/*cell*1240    0.0000     0.0   0.0000    0.0000 0.0000 DW01_sub_width3
output_buffer_inst/sub_30_I2         0.0000      0.0    0.0000     0.0000  0.0000  *SUB_UNS_OP_1_1_2
output_buffer_inst/sub_30_I2/*cell*1057    0.0000     0.0   0.0000    0.0000 0.0000 DW01_sub_width2
output_buffer_inst/sub_30_I2_I1      0.0000      0.0    0.0000     0.0000  0.0000  *SUB_UNS_OP_1_1_2
output_buffer_inst/sub_30_I2_I1/*cell*985    0.0000     0.0   0.0000    0.0000 0.0000 DW01_sub_width2
output_buffer_inst/sub_30_I2_I1_I1    0.0000     0.0    0.0000     0.0000  0.0000  *SUB_UNS_OP_1_1_2
output_buffer_inst/sub_30_I2_I1_I1/*cell*967    0.0000     0.0   0.0000    0.0000 0.0000 DW01_sub_width2
output_buffer_inst/sub_30_I2_I1_I2    0.0000     0.0    0.0000     0.0000  0.0000  *SUB_UNS_OP_1_1_2
output_buffer_inst/sub_30_I2_I1_I2/*cell*1063    0.0000     0.0   0.0000    0.0000 0.0000 DW01_sub_width2
output_buffer_inst/sub_30_I2_I1_I3    0.0000     0.0    0.0000     0.0000  0.0000  *SUB_UNS_OP_1_1_2
output_buffer_inst/sub_30_I2_I1_I3/*cell*1159    0.0000     0.0   0.0000    0.0000 0.0000 DW01_sub_width2
output_buffer_inst/sub_30_I2_I2      0.0000      0.0    0.0000     0.0000  0.0000  *SUB_UNS_OP_1_1_2
output_buffer_inst/sub_30_I2_I2/*cell*1081    0.0000     0.0   0.0000    0.0000 0.0000 DW01_sub_width2
output_buffer_inst/sub_30_I2_I2_I1    0.0000     0.0    0.0000     0.0000  0.0000  *SUB_UNS_OP_1_1_2
output_buffer_inst/sub_30_I2_I2_I1/*cell*991    0.0000     0.0   0.0000    0.0000 0.0000 DW01_sub_width2
output_buffer_inst/sub_30_I2_I2_I2    0.0000     0.0    0.0000     0.0000  0.0000  *SUB_UNS_OP_1_1_2
output_buffer_inst/sub_30_I2_I2_I2/*cell*1087    0.0000     0.0   0.0000    0.0000 0.0000 DW01_sub_width2
output_buffer_inst/sub_30_I2_I2_I3    0.0000     0.0    0.0000     0.0000  0.0000  *SUB_UNS_OP_1_1_2
output_buffer_inst/sub_30_I2_I2_I3/*cell*1183    0.0000     0.0   0.0000    0.0000 0.0000 DW01_sub_width2
output_buffer_inst/sub_30_I2_I3      0.0000      0.0    0.0000     0.0000  0.0000  *SUB_UNS_OP_1_1_2
output_buffer_inst/sub_30_I2_I3/*cell*1177    0.0000     0.0   0.0000    0.0000 0.0000 DW01_sub_width2
output_buffer_inst/sub_30_I2_I3_I1    0.0000     0.0    0.0000     0.0000  0.0000  *SUB_UNS_OP_2_1_3
output_buffer_inst/sub_30_I2_I3_I1/*cell*1015    0.0000     0.0   0.0000    0.0000 0.0000 DW01_sub_width3
output_buffer_inst/sub_30_I2_I3_I2    0.0000     0.0    0.0000     0.0000  0.0000  *SUB_UNS_OP_2_1_3
output_buffer_inst/sub_30_I2_I3_I2/*cell*1111    0.0000     0.0   0.0000    0.0000 0.0000 DW01_sub_width3
output_buffer_inst/sub_30_I2_I3_I3    0.0000     0.0    0.0000     0.0000  0.0000  *SUB_UNS_OP_2_1_3
output_buffer_inst/sub_30_I2_I3_I3/*cell*1207    0.0000     0.0   0.0000    0.0000 0.0000 DW01_sub_width3
output_buffer_inst/sub_30_I2_I4_I1    0.0000     0.0    0.0000     0.0000  0.0000  *SUB_UNS_OP_2_1_3
output_buffer_inst/sub_30_I2_I4_I1/*cell*1039    0.0000     0.0   0.0000    0.0000 0.0000 DW01_sub_width3
output_buffer_inst/sub_30_I2_I4_I2    0.0000     0.0    0.0000     0.0000  0.0000  *SUB_UNS_OP_2_1_3
output_buffer_inst/sub_30_I2_I4_I2/*cell*1135    0.0000     0.0   0.0000    0.0000 0.0000 DW01_sub_width3
output_buffer_inst/sub_30_I2_I4_I3    0.0000     0.0    0.0000     0.0000  0.0000  *SUB_UNS_OP_2_1_3
output_buffer_inst/sub_30_I2_I4_I3/*cell*1231    0.0000     0.0   0.0000    0.0000 0.0000 DW01_sub_width3
output_buffer_inst/sub_30_I3         0.0000      0.0    0.0000     0.0000  0.0000  *SUB_UNS_OP_1_1_2
output_buffer_inst/sub_30_I3/*cell*1153    0.0000     0.0   0.0000    0.0000 0.0000 DW01_sub_width2
output_buffer_inst/sub_30_I3_I1      0.0000      0.0    0.0000     0.0000  0.0000  *SUB_UNS_OP_2_1_3
output_buffer_inst/sub_30_I3_I1/*cell*1009    0.0000     0.0   0.0000    0.0000 0.0000 DW01_sub_width3
output_buffer_inst/sub_30_I3_I1_I1    0.0000     0.0    0.0000     0.0000  0.0000  *SUB_UNS_OP_1_1_2
output_buffer_inst/sub_30_I3_I1_I1/*cell*973    0.0000     0.0   0.0000    0.0000 0.0000 DW01_sub_width2
output_buffer_inst/sub_30_I3_I1_I2    0.0000     0.0    0.0000     0.0000  0.0000  *SUB_UNS_OP_1_1_2
output_buffer_inst/sub_30_I3_I1_I2/*cell*1069    0.0000     0.0   0.0000    0.0000 0.0000 DW01_sub_width2
output_buffer_inst/sub_30_I3_I1_I3    0.0000     0.0    0.0000     0.0000  0.0000  *SUB_UNS_OP_1_1_2
output_buffer_inst/sub_30_I3_I1_I3/*cell*1165    0.0000     0.0   0.0000    0.0000 0.0000 DW01_sub_width2
output_buffer_inst/sub_30_I3_I2      0.0000      0.0    0.0000     0.0000  0.0000  *SUB_UNS_OP_2_1_3
output_buffer_inst/sub_30_I3_I2/*cell*1105    0.0000     0.0   0.0000    0.0000 0.0000 DW01_sub_width3
output_buffer_inst/sub_30_I3_I2_I1    0.0000     0.0    0.0000     0.0000  0.0000  *SUB_UNS_OP_1_1_2
output_buffer_inst/sub_30_I3_I2_I1/*cell*997    0.0000     0.0   0.0000    0.0000 0.0000 DW01_sub_width2
output_buffer_inst/sub_30_I3_I2_I2    0.0000     0.0    0.0000     0.0000  0.0000  *SUB_UNS_OP_1_1_2
output_buffer_inst/sub_30_I3_I2_I2/*cell*1093    0.0000     0.0   0.0000    0.0000 0.0000 DW01_sub_width2
output_buffer_inst/sub_30_I3_I2_I3    0.0000     0.0    0.0000     0.0000  0.0000  *SUB_UNS_OP_1_1_2
output_buffer_inst/sub_30_I3_I2_I3/*cell*1189    0.0000     0.0   0.0000    0.0000 0.0000 DW01_sub_width2
output_buffer_inst/sub_30_I3_I3      0.0000      0.0    0.0000     0.0000  0.0000  *SUB_UNS_OP_2_1_3
output_buffer_inst/sub_30_I3_I3/*cell*1201    0.0000     0.0   0.0000    0.0000 0.0000 DW01_sub_width3
output_buffer_inst/sub_30_I3_I3_I1    0.0000     0.0    0.0000     0.0000  0.0000  *SUB_UNS_OP_2_1_3
output_buffer_inst/sub_30_I3_I3_I1/*cell*1021    0.0000     0.0   0.0000    0.0000 0.0000 DW01_sub_width3
output_buffer_inst/sub_30_I3_I3_I2    0.0000     0.0    0.0000     0.0000  0.0000  *SUB_UNS_OP_2_1_3
output_buffer_inst/sub_30_I3_I3_I2/*cell*1117    0.0000     0.0   0.0000    0.0000 0.0000 DW01_sub_width3
output_buffer_inst/sub_30_I3_I3_I3    0.0000     0.0    0.0000     0.0000  0.0000  *SUB_UNS_OP_2_1_3
output_buffer_inst/sub_30_I3_I3_I3/*cell*1213    0.0000     0.0   0.0000    0.0000 0.0000 DW01_sub_width3
output_buffer_inst/sub_30_I3_I4_I1    0.0000     0.0    0.0000     0.0000  0.0000  *SUB_UNS_OP_2_1_3
output_buffer_inst/sub_30_I3_I4_I1/*cell*1045    0.0000     0.0   0.0000    0.0000 0.0000 DW01_sub_width3
output_buffer_inst/sub_30_I3_I4_I2    0.0000     0.0    0.0000     0.0000  0.0000  *SUB_UNS_OP_2_1_3
output_buffer_inst/sub_30_I3_I4_I2/*cell*1141    0.0000     0.0   0.0000    0.0000 0.0000 DW01_sub_width3
output_buffer_inst/sub_30_I3_I4_I3    0.0000     0.0    0.0000     0.0000  0.0000  *SUB_UNS_OP_2_1_3
output_buffer_inst/sub_30_I3_I4_I3/*cell*1237    0.0000     0.0   0.0000    0.0000 0.0000 DW01_sub_width3
output_buffer_inst/sub_30_I4_I1      0.0000      0.0    0.0000     0.0000  0.0000  *SUB_UNS_OP_2_1_3
output_buffer_inst/sub_30_I4_I1/*cell*1033    0.0000     0.0   0.0000    0.0000 0.0000 DW01_sub_width3
output_buffer_inst/sub_30_I4_I1_I1    0.0000     0.0    0.0000     0.0000  0.0000  *SUB_UNS_OP_1_1_2
output_buffer_inst/sub_30_I4_I1_I1/*cell*979    0.0000     0.0   0.0000    0.0000 0.0000 DW01_sub_width2
output_buffer_inst/sub_30_I4_I1_I2    0.0000     0.0    0.0000     0.0000  0.0000  *SUB_UNS_OP_1_1_2
output_buffer_inst/sub_30_I4_I1_I2/*cell*1075    0.0000     0.0   0.0000    0.0000 0.0000 DW01_sub_width2
output_buffer_inst/sub_30_I4_I1_I3    0.0000     0.0    0.0000     0.0000  0.0000  *SUB_UNS_OP_1_1_2
output_buffer_inst/sub_30_I4_I1_I3/*cell*1171    0.0000     0.0   0.0000    0.0000 0.0000 DW01_sub_width2
output_buffer_inst/sub_30_I4_I2      0.0000      0.0    0.0000     0.0000  0.0000  *SUB_UNS_OP_2_1_3
output_buffer_inst/sub_30_I4_I2/*cell*1129    0.0000     0.0   0.0000    0.0000 0.0000 DW01_sub_width3
output_buffer_inst/sub_30_I4_I2_I1    0.0000     0.0    0.0000     0.0000  0.0000  *SUB_UNS_OP_1_1_2
output_buffer_inst/sub_30_I4_I2_I1/*cell*1003    0.0000     0.0   0.0000    0.0000 0.0000 DW01_sub_width2
output_buffer_inst/sub_30_I4_I2_I2    0.0000     0.0    0.0000     0.0000  0.0000  *SUB_UNS_OP_1_1_2
output_buffer_inst/sub_30_I4_I2_I2/*cell*1099    0.0000     0.0   0.0000    0.0000 0.0000 DW01_sub_width2
output_buffer_inst/sub_30_I4_I2_I3    0.0000     0.0    0.0000     0.0000  0.0000  *SUB_UNS_OP_1_1_2
output_buffer_inst/sub_30_I4_I2_I3/*cell*1195    0.0000     0.0   0.0000    0.0000 0.0000 DW01_sub_width2
output_buffer_inst/sub_30_I4_I3      0.0000      0.0    0.0000     0.0000  0.0000  *SUB_UNS_OP_2_1_3
output_buffer_inst/sub_30_I4_I3/*cell*1225    0.0000     0.0   0.0000    0.0000 0.0000 DW01_sub_width3
output_buffer_inst/sub_30_I4_I3_I1    0.0000     0.0    0.0000     0.0000  0.0000  *SUB_UNS_OP_2_1_3
output_buffer_inst/sub_30_I4_I3_I1/*cell*1027    0.0000     0.0   0.0000    0.0000 0.0000 DW01_sub_width3
output_buffer_inst/sub_30_I4_I3_I2    0.0000     0.0    0.0000     0.0000  0.0000  *SUB_UNS_OP_2_1_3
output_buffer_inst/sub_30_I4_I3_I2/*cell*1123    0.0000     0.0   0.0000    0.0000 0.0000 DW01_sub_width3
output_buffer_inst/sub_30_I4_I3_I3    0.0000     0.0    0.0000     0.0000  0.0000  *SUB_UNS_OP_2_1_3
output_buffer_inst/sub_30_I4_I3_I3/*cell*1219    0.0000     0.0   0.0000    0.0000 0.0000 DW01_sub_width3
output_buffer_inst/sub_30_I4_I4_I1    0.0000     0.0    0.0000     0.0000  0.0000  *SUB_UNS_OP_2_1_3
output_buffer_inst/sub_30_I4_I4_I1/*cell*1051    0.0000     0.0   0.0000    0.0000 0.0000 DW01_sub_width3
output_buffer_inst/sub_30_I4_I4_I2    0.0000     0.0    0.0000     0.0000  0.0000  *SUB_UNS_OP_2_1_3
output_buffer_inst/sub_30_I4_I4_I2/*cell*1147    0.0000     0.0   0.0000    0.0000 0.0000 DW01_sub_width3
output_buffer_inst/sub_30_I4_I4_I3    0.0000     0.0    0.0000     0.0000  0.0000  *SUB_UNS_OP_2_1_3
output_buffer_inst/sub_30_I4_I4_I3/*cell*1243    0.0000     0.0   0.0000    0.0000 0.0000 DW01_sub_width3
--------------------------------  ---------  -------  --------  ---------  ------  ---------------------------
Total                                                   0.0000     0.0000  0.0000

1
