Loading db file '/home/arkhadem/Downloads/Delta/DeltaNN/library/NanGate_15nm_OCL_typical_conditional_ccs.db'
Information: Propagating switching activity (low effort zero delay simulation). (PWR-6)
Warning: Design has unannotated primary inputs. (PWR-414)
Warning: Design has unannotated sequential cell outputs. (PWR-415)
 
****************************************
Report : power
        -hier
        -analysis_effort low
Design : processing_unit
Version: O-2018.06
Date   : Fri Dec 13 18:38:44 2019
****************************************


Library(s) Used:

    NanGate_15nm_OCL (File: /home/arkhadem/Downloads/Delta/DeltaNN/library/NanGate_15nm_OCL_typical_conditional_ccs.db)


Operating Conditions: typical   Library: NanGate_15nm_OCL
Wire Load Model Mode: top


Global Operating Voltage = 0.8  
Power-specific unit information :
    Voltage Units = 1V
    Capacitance Units = 1.000000ff
    Time Units = 1ps
    Dynamic Power Units = 1mW    (derived from V,C,T units)
    Leakage Power Units = 1pW


--------------------------------------------------------------------------------
                                       Switch   Int      Leak     Total
Hierarchy                              Power    Power    Power    Power    %
--------------------------------------------------------------------------------
processing_unit                           2.066    3.758 1.12e+08    5.936 100.0
  index_down_channel[1].index_down_counter_inst (index_down_counter_0) 1.15e-02 4.11e-02 4.15e+05 5.31e-02   0.9
  index_down_channel[0].index_down_counter_inst (index_down_counter_1) 1.15e-02 4.11e-02 4.15e+05 5.31e-02   0.9
  delta_down_channel[1].delta_down_counter_inst (delta_down_counter_0) 7.62e-03 3.55e-02 4.98e+05 4.36e-02   0.7
  delta_down_channel[0].delta_down_counter_inst (delta_down_counter_1) 8.09e-03 3.60e-02 5.33e+05 4.46e-02   0.8
  output_buffer_inst (output_buffer)      1.491    1.814 6.31e+07    3.369  56.7
  PE_channel[1].PE_row[3].PE_column[3].PEs (processing_element_0) 9.30e-03 4.43e-02 9.83e+05 5.45e-02   0.9
    accumulator_inst (accumulator_0)   6.62e-03 4.18e-02 6.66e+05 4.91e-02   0.8
    shift_inst (shifter_0)             5.84e-04 5.18e-04 1.44e+05 1.25e-03   0.0
    mult_inst (multiplier_0)           1.19e-03 1.17e-03 1.48e+05 2.51e-03   0.0
  PE_channel[1].PE_row[3].PE_column[2].PEs (processing_element_1) 1.00e-02 4.49e-02 1.06e+06 5.60e-02   0.9
    accumulator_inst (accumulator_1)   7.31e-03 4.23e-02 6.92e+05 5.03e-02   0.8
    shift_inst (shifter_1)             6.34e-04 6.21e-04 1.98e+05 1.45e-03   0.0
    mult_inst (multiplier_1)           1.20e-03 1.18e-03 1.47e+05 2.52e-03   0.0
  PE_channel[1].PE_row[3].PE_column[1].PEs (processing_element_2) 9.09e-03 4.49e-02 1.07e+06 5.50e-02   0.9
    accumulator_inst (accumulator_2)   6.60e-03 4.22e-02 6.86e+05 4.95e-02   0.8
    shift_inst (shifter_2)             6.35e-04 6.36e-04 2.00e+05 1.47e-03   0.0
    mult_inst (multiplier_2)           9.49e-04 1.25e-03 1.60e+05 2.36e-03   0.0
  PE_channel[1].PE_row[3].PE_column[0].PEs (processing_element_3) 8.63e-03 4.48e-02 1.06e+06 5.45e-02   0.9
    accumulator_inst (accumulator_3)   6.14e-03 4.21e-02 6.79e+05 4.89e-02   0.8
    shift_inst (shifter_3)             6.40e-04 6.34e-04 1.99e+05 1.47e-03   0.0
    mult_inst (multiplier_3)           9.43e-04 1.25e-03 1.60e+05 2.35e-03   0.0
  PE_channel[1].PE_row[2].PE_column[3].PEs (processing_element_4) 9.91e-03 4.51e-02 1.07e+06 5.61e-02   0.9
    accumulator_inst (accumulator_4)   7.42e-03 4.24e-02 6.86e+05 5.05e-02   0.9
    shift_inst (shifter_4)             6.30e-04 6.32e-04 1.99e+05 1.46e-03   0.0
    mult_inst (multiplier_4)           9.54e-04 1.25e-03 1.60e+05 2.37e-03   0.0
  PE_channel[1].PE_row[2].PE_column[2].PEs (processing_element_5) 9.73e-03 4.51e-02 1.07e+06 5.59e-02   0.9
    accumulator_inst (accumulator_5)   7.21e-03 4.24e-02 6.91e+05 5.03e-02   0.8
    shift_inst (shifter_5)             6.48e-04 6.45e-04 2.00e+05 1.49e-03   0.0
    mult_inst (multiplier_5)           9.64e-04 1.26e-03 1.60e+05 2.38e-03   0.0
  PE_channel[1].PE_row[2].PE_column[1].PEs (processing_element_6) 1.10e-02 4.53e-02 1.10e+06 5.74e-02   1.0
    accumulator_inst (accumulator_6)   8.46e-03 4.26e-02 7.13e+05 5.18e-02   0.9
    shift_inst (shifter_6)             6.50e-04 6.51e-04 2.06e+05 1.51e-03   0.0
    mult_inst (multiplier_6)           9.72e-04 1.27e-03 1.60e+05 2.40e-03   0.0
  PE_channel[1].PE_row[2].PE_column[0].PEs (processing_element_7) 9.03e-03 4.51e-02 1.08e+06 5.52e-02   0.9
    accumulator_inst (accumulator_7)   6.54e-03 4.24e-02 6.92e+05 4.97e-02   0.8
    shift_inst (shifter_7)             6.37e-04 6.39e-04 1.98e+05 1.47e-03   0.0
    mult_inst (multiplier_7)           9.48e-04 1.25e-03 1.60e+05 2.36e-03   0.0
  PE_channel[1].PE_row[1].PE_column[3].PEs (processing_element_8) 9.50e-03 4.52e-02 1.07e+06 5.57e-02   0.9
    accumulator_inst (accumulator_8)   7.00e-03 4.25e-02 6.89e+05 5.02e-02   0.8
    shift_inst (shifter_8)             6.54e-04 6.53e-04 1.99e+05 1.51e-03   0.0
    mult_inst (multiplier_8)           9.40e-04 1.25e-03 1.60e+05 2.35e-03   0.0
  PE_channel[1].PE_row[1].PE_column[2].PEs (processing_element_9) 1.03e-02 4.50e-02 1.11e+06 5.64e-02   1.0
    accumulator_inst (accumulator_9)   7.78e-03 4.24e-02 7.24e+05 5.09e-02   0.9
    shift_inst (shifter_9)             6.27e-04 6.36e-04 1.98e+05 1.46e-03   0.0
    mult_inst (multiplier_9)           9.42e-04 1.25e-03 1.59e+05 2.35e-03   0.0
  PE_channel[1].PE_row[1].PE_column[1].PEs (processing_element_10) 9.89e-03 4.51e-02 1.08e+06 5.61e-02   0.9
    accumulator_inst (accumulator_10)  7.38e-03 4.24e-02 6.93e+05 5.05e-02   0.9
    shift_inst (shifter_10)            6.33e-04 6.35e-04 1.99e+05 1.47e-03   0.0
    mult_inst (multiplier_10)          9.73e-04 1.26e-03 1.60e+05 2.39e-03   0.0
  PE_channel[1].PE_row[1].PE_column[0].PEs (processing_element_11) 9.13e-03 4.50e-02 1.07e+06 5.52e-02   0.9
    accumulator_inst (accumulator_11)  6.63e-03 4.23e-02 6.88e+05 4.96e-02   0.8
    shift_inst (shifter_11)            6.27e-04 6.29e-04 1.98e+05 1.45e-03   0.0
    mult_inst (multiplier_11)          9.68e-04 1.28e-03 1.60e+05 2.40e-03   0.0
  PE_channel[1].PE_row[0].PE_column[3].PEs (processing_element_12) 9.12e-03 4.51e-02 1.07e+06 5.53e-02   0.9
    accumulator_inst (accumulator_12)  6.60e-03 4.24e-02 6.85e+05 4.97e-02   0.8
    shift_inst (shifter_12)            6.45e-04 6.41e-04 2.00e+05 1.49e-03   0.0
    mult_inst (multiplier_12)          9.71e-04 1.26e-03 1.60e+05 2.40e-03   0.0
  PE_channel[1].PE_row[0].PE_column[2].PEs (processing_element_13) 9.59e-03 4.51e-02 1.07e+06 5.58e-02   0.9
    accumulator_inst (accumulator_13)  7.08e-03 4.24e-02 6.84e+05 5.02e-02   0.8
    shift_inst (shifter_13)            6.33e-04 6.34e-04 1.98e+05 1.47e-03   0.0
    mult_inst (multiplier_13)          9.73e-04 1.27e-03 1.60e+05 2.41e-03   0.0
  PE_channel[1].PE_row[0].PE_column[1].PEs (processing_element_14) 9.38e-03 4.51e-02 1.07e+06 5.55e-02   0.9
    accumulator_inst (accumulator_14)  6.87e-03 4.24e-02 6.91e+05 5.00e-02   0.8
    shift_inst (shifter_14)            6.33e-04 6.38e-04 1.99e+05 1.47e-03   0.0
    mult_inst (multiplier_14)          9.66e-04 1.26e-03 1.60e+05 2.39e-03   0.0
  PE_channel[1].PE_row[0].PE_column[0].PEs (processing_element_15) 8.90e-03 4.46e-02 1.07e+06 5.46e-02   0.9
    accumulator_inst (accumulator_15)  6.42e-03 4.20e-02 6.84e+05 4.91e-02   0.8
    shift_inst (shifter_15)            6.18e-04 6.24e-04 1.98e+05 1.44e-03   0.0
    mult_inst (multiplier_15)          9.62e-04 1.27e-03 1.60e+05 2.39e-03   0.0
  PE_channel[0].PE_row[3].PE_column[3].PEs (processing_element_16) 1.11e-02 4.51e-02 1.11e+06 5.73e-02   1.0
    accumulator_inst (accumulator_16)  8.54e-03 4.25e-02 7.17e+05 5.17e-02   0.9
    shift_inst (shifter_16)            6.39e-04 6.20e-04 1.98e+05 1.46e-03   0.0
    mult_inst (multiplier_16)          9.95e-04 1.28e-03 1.60e+05 2.43e-03   0.0
  PE_channel[0].PE_row[3].PE_column[2].PEs (processing_element_17) 1.19e-02 4.58e-02 1.25e+06 5.90e-02   1.0
    accumulator_inst (accumulator_17)  9.02e-03 4.30e-02 7.72e+05 5.28e-02   0.9
    shift_inst (shifter_17)            9.46e-04 9.40e-04 3.08e+05 2.19e-03   0.0
    mult_inst (multiplier_17)          9.76e-04 1.13e-03 1.43e+05 2.25e-03   0.0
  PE_channel[0].PE_row[3].PE_column[1].PEs (processing_element_18) 1.25e-02 4.66e-02 1.38e+06 6.05e-02   1.0
    accumulator_inst (accumulator_18)  9.64e-03 4.37e-02 9.03e+05 5.42e-02   0.9
    shift_inst (shifter_18)            9.04e-04 1.05e-03 3.09e+05 2.26e-03   0.0
    mult_inst (multiplier_18)          9.70e-04 1.13e-03 1.41e+05 2.24e-03   0.0
  PE_channel[0].PE_row[3].PE_column[0].PEs (processing_element_19) 1.08e-02 4.48e-02 1.11e+06 5.67e-02   1.0
    accumulator_inst (accumulator_19)  8.11e-03 4.22e-02 6.97e+05 5.10e-02   0.9
    shift_inst (shifter_19)            7.50e-04 7.61e-04 2.35e+05 1.75e-03   0.0
    mult_inst (multiplier_19)          9.37e-04 1.10e-03 1.41e+05 2.18e-03   0.0
  PE_channel[0].PE_row[2].PE_column[3].PEs (processing_element_20) 1.27e-02 4.62e-02 1.35e+06 6.02e-02   1.0
    accumulator_inst (accumulator_20)  9.56e-03 4.32e-02 8.14e+05 5.36e-02   0.9
    shift_inst (shifter_20)            1.16e-03 1.19e-03 3.59e+05 2.71e-03   0.0
    mult_inst (multiplier_20)          9.90e-04 1.14e-03 1.42e+05 2.27e-03   0.0
  PE_channel[0].PE_row[2].PE_column[2].PEs (processing_element_21) 1.31e-02 4.69e-02 1.36e+06 6.14e-02   1.0
    accumulator_inst (accumulator_21)  1.01e-02 4.38e-02 8.71e+05 5.48e-02   0.9
    shift_inst (shifter_21)            1.05e-03 1.25e-03 3.15e+05 2.61e-03   0.0
    mult_inst (multiplier_21)          9.61e-04 1.12e-03 1.41e+05 2.22e-03   0.0
  PE_channel[0].PE_row[2].PE_column[1].PEs (processing_element_22) 1.44e-02 4.72e-02 1.45e+06 6.30e-02   1.1
    accumulator_inst (accumulator_22)  1.14e-02 4.41e-02 9.00e+05 5.64e-02   0.9
    shift_inst (shifter_22)            1.10e-03 1.22e-03 3.71e+05 2.69e-03   0.0
    mult_inst (multiplier_22)          9.73e-04 1.12e-03 1.42e+05 2.23e-03   0.0
  PE_channel[0].PE_row[2].PE_column[0].PEs (processing_element_23) 1.21e-02 4.61e-02 1.30e+06 5.95e-02   1.0
    accumulator_inst (accumulator_23)  9.23e-03 4.32e-02 8.17e+05 5.32e-02   0.9
    shift_inst (shifter_23)            9.34e-04 1.03e-03 3.05e+05 2.27e-03   0.0
    mult_inst (multiplier_23)          9.93e-04 1.14e-03 1.42e+05 2.27e-03   0.0
  PE_channel[0].PE_row[1].PE_column[3].PEs (processing_element_24) 1.35e-02 4.65e-02 1.38e+06 6.14e-02   1.0
    accumulator_inst (accumulator_24)  1.06e-02 4.35e-02 8.86e+05 5.50e-02   0.9
    shift_inst (shifter_24)            9.29e-04 1.06e-03 3.01e+05 2.29e-03   0.0
    mult_inst (multiplier_24)          9.84e-04 1.26e-03 1.60e+05 2.41e-03   0.0
  PE_channel[0].PE_row[1].PE_column[2].PEs (processing_element_25) 1.30e-02 4.66e-02 1.37e+06 6.10e-02   1.0
    accumulator_inst (accumulator_25)  1.00e-02 4.37e-02 8.94e+05 5.47e-02   0.9
    shift_inst (shifter_25)            9.85e-04 1.04e-03 3.07e+05 2.34e-03   0.0
    mult_inst (multiplier_25)          9.83e-04 1.13e-03 1.41e+05 2.26e-03   0.0
  PE_channel[0].PE_row[1].PE_column[1].PEs (processing_element_26) 1.55e-02 4.92e-02 1.77e+06 6.65e-02   1.1
    accumulator_inst (accumulator_26)  1.22e-02 4.57e-02 1.14e+06 5.90e-02   1.0
    shift_inst (shifter_26)            1.31e-03 1.58e-03 4.42e+05 3.33e-03   0.1
    mult_inst (multiplier_26)          1.06e-03 1.27e-03 1.60e+05 2.49e-03   0.0
  PE_channel[0].PE_row[1].PE_column[0].PEs (processing_element_27) 1.32e-02 4.75e-02 1.46e+06 6.21e-02   1.0
    accumulator_inst (accumulator_27)  1.01e-02 4.42e-02 8.89e+05 5.52e-02   0.9
    shift_inst (shifter_27)            1.12e-03 1.42e-03 3.95e+05 2.93e-03   0.0
    mult_inst (multiplier_27)          9.74e-04 1.13e-03 1.42e+05 2.24e-03   0.0
  PE_channel[0].PE_row[0].PE_column[3].PEs (processing_element_28) 1.16e-02 4.56e-02 1.28e+06 5.85e-02   1.0
    accumulator_inst (accumulator_28)  8.88e-03 4.27e-02 7.81e+05 5.24e-02   0.9
    shift_inst (shifter_28)            8.20e-04 8.88e-04 3.08e+05 2.02e-03   0.0
    mult_inst (multiplier_28)          9.88e-04 1.26e-03 1.61e+05 2.41e-03   0.0
  PE_channel[0].PE_row[0].PE_column[2].PEs (processing_element_29) 1.22e-02 4.58e-02 1.30e+06 5.93e-02   1.0
    accumulator_inst (accumulator_29)  9.25e-03 4.29e-02 8.26e+05 5.30e-02   0.9
    shift_inst (shifter_29)            9.93e-04 1.08e-03 3.00e+05 2.37e-03   0.0
    mult_inst (multiplier_29)          9.69e-04 1.12e-03 1.42e+05 2.24e-03   0.0
  PE_channel[0].PE_row[0].PE_column[1].PEs (processing_element_30) 1.32e-02 4.66e-02 1.41e+06 6.12e-02   1.0
    accumulator_inst (accumulator_30)  1.04e-02 4.37e-02 9.72e+05 5.51e-02   0.9
    shift_inst (shifter_30)            8.86e-04 9.56e-04 2.59e+05 2.10e-03   0.0
    mult_inst (multiplier_30)          9.81e-04 1.13e-03 1.42e+05 2.26e-03   0.0
  PE_channel[0].PE_row[0].PE_column[0].PEs (processing_element_31) 1.20e-02 4.55e-02 1.27e+06 5.87e-02   1.0
    accumulator_inst (accumulator_31)  9.18e-03 4.28e-02 8.38e+05 5.28e-02   0.9
    shift_inst (shifter_31)            8.33e-04 9.11e-04 2.62e+05 2.01e-03   0.0
    mult_inst (multiplier_31)          9.76e-04 1.13e-03 1.42e+05 2.24e-03   0.0
1
